This is XeTeX, Version 3.14159265-2.6-0.999991 (MiKTeX 2.9.7140 64-bit) (preloaded format=xelatex 2019.8.2)  8 SEP 2019 19:29
entering extended mode
**./main.tex
(main.tex
LaTeX2e <2018-12-01>
("C:\PengPeng\MiKTeX 2.9\tex/latex/base\book.cls"
Document Class: book 2018/09/03 v1.4i Standard LaTeX document class
("C:\PengPeng\MiKTeX 2.9\tex/latex/base\bk10.clo"
File: bk10.clo 2018/09/03 v1.4i Standard LaTeX file (size option)
)
\c@part=\count80
\c@chapter=\count81
\c@section=\count82
\c@subsection=\count83
\c@subsubsection=\count84
\c@paragraph=\count85
\c@subparagraph=\count86
\c@figure=\count87
\c@table=\count88
\abovecaptionskip=\skip41
\belowcaptionskip=\skip42
\bibindent=\dimen102
)
("C:\PengPeng\MiKTeX 2.9\tex/latex/ctex\ctex.sty"
("C:\PengPeng\MiKTeX 2.9\tex/latex/l3kernel\expl3.sty"
Package: expl3 2019-07-25 L3 programming layer (loader) 

("C:\PengPeng\MiKTeX 2.9\tex/latex/l3kernel\expl3-code.tex"
Package: expl3 2019-07-25 L3 programming layer (code)
\c_max_int=\count89
\l_tmpa_int=\count90
\l_tmpb_int=\count91
\g_tmpa_int=\count92
\g_tmpb_int=\count93
\g__kernel_prg_map_int=\count94
\c__ior_term_ior=\count95
\c_log_iow=\count96
\l_iow_line_count_int=\count97
\l__iow_line_target_int=\count98
\l__iow_one_indent_int=\count99
\l__iow_indent_int=\count100
\c_zero_dim=\dimen103
\c_max_dim=\dimen104
\l_tmpa_dim=\dimen105
\l_tmpb_dim=\dimen106
\g_tmpa_dim=\dimen107
\g_tmpb_dim=\dimen108
\c_zero_skip=\skip43
\c_max_skip=\skip44
\l_tmpa_skip=\skip45
\l_tmpb_skip=\skip46
\g_tmpa_skip=\skip47
\g_tmpb_skip=\skip48
\c_zero_muskip=\muskip10
\c_max_muskip=\muskip11
\l_tmpa_muskip=\muskip12
\l_tmpb_muskip=\muskip13
\g_tmpa_muskip=\muskip14
\g_tmpb_muskip=\muskip15
\l_keys_choice_int=\count101
\l__intarray_loop_int=\count102
\c__intarray_sp_dim=\dimen109
\g__intarray_font_int=\count103
\c__fp_leading_shift_int=\count104
\c__fp_middle_shift_int=\count105
\c__fp_trailing_shift_int=\count106
\c__fp_big_leading_shift_int=\count107
\c__fp_big_middle_shift_int=\count108
\c__fp_big_trailing_shift_int=\count109
\c__fp_Bigg_leading_shift_int=\count110
\c__fp_Bigg_middle_shift_int=\count111
\c__fp_Bigg_trailing_shift_int=\count112
\g__fp_array_int=\count113
\l__fp_array_loop_int=\count114
\l__sort_length_int=\count115
\l__sort_min_int=\count116
\l__sort_top_int=\count117
\l__sort_max_int=\count118
\l__sort_true_max_int=\count119
\l__sort_block_int=\count120
\l__sort_begin_int=\count121
\l__sort_end_int=\count122
\l__sort_A_int=\count123
\l__sort_B_int=\count124
\l__sort_C_int=\count125
\l__str_internal_int=\count126
\l__tl_analysis_normal_int=\count127
\l__tl_analysis_index_int=\count128
\l__tl_analysis_nesting_int=\count129
\l__tl_analysis_type_int=\count130
\l__regex_internal_a_int=\count131
\l__regex_internal_b_int=\count132
\l__regex_internal_c_int=\count133
\l__regex_balance_int=\count134
\l__regex_group_level_int=\count135
\l__regex_mode_int=\count136
\c__regex_cs_in_class_mode_int=\count137
\c__regex_cs_mode_int=\count138
\l__regex_catcodes_int=\count139
\l__regex_default_catcodes_int=\count140
\c__regex_catcode_L_int=\count141
\c__regex_catcode_O_int=\count142
\c__regex_catcode_A_int=\count143
\c__regex_all_catcodes_int=\count144
\l__regex_show_lines_int=\count145
\l__regex_min_state_int=\count146
\l__regex_max_state_int=\count147
\l__regex_left_state_int=\count148
\l__regex_right_state_int=\count149
\l__regex_capturing_group_int=\count150
\l__regex_min_pos_int=\count151
\l__regex_max_pos_int=\count152
\l__regex_curr_pos_int=\count153
\l__regex_start_pos_int=\count154
\l__regex_success_pos_int=\count155
\l__regex_curr_char_int=\count156
\l__regex_curr_catcode_int=\count157
\l__regex_last_char_int=\count158
\l__regex_case_changed_char_int=\count159
\l__regex_curr_state_int=\count160
\l__regex_step_int=\count161
\l__regex_min_active_int=\count162
\l__regex_max_active_int=\count163
\l__regex_replacement_csnames_int=\count164
\l__regex_match_count_int=\count165
\l__regex_min_submatch_int=\count166
\l__regex_submatch_int=\count167
\l__regex_zeroth_submatch_int=\count168
\g__regex_trace_regex_int=\count169
\c_empty_box=\box27
\l_tmpa_box=\box28
\l_tmpb_box=\box29
\g_tmpa_box=\box30
\g_tmpb_box=\box31
\l__box_top_dim=\dimen110
\l__box_bottom_dim=\dimen111
\l__box_left_dim=\dimen112
\l__box_right_dim=\dimen113
\l__box_top_new_dim=\dimen114
\l__box_bottom_new_dim=\dimen115
\l__box_left_new_dim=\dimen116
\l__box_right_new_dim=\dimen117
\l__box_internal_box=\box32
\l__coffin_internal_box=\box33
\l__coffin_internal_dim=\dimen118
\l__coffin_offset_x_dim=\dimen119
\l__coffin_offset_y_dim=\dimen120
\l__coffin_x_dim=\dimen121
\l__coffin_y_dim=\dimen122
\l__coffin_x_prime_dim=\dimen123
\l__coffin_y_prime_dim=\dimen124
\c_empty_coffin=\box34
\l__coffin_aligned_coffin=\box35
\l__coffin_aligned_internal_coffin=\box36
\l_tmpa_coffin=\box37
\l_tmpb_coffin=\box38
\g_tmpa_coffin=\box39
\g_tmpb_coffin=\box40
\l__coffin_bounding_shift_dim=\dimen125
\l__coffin_left_corner_dim=\dimen126
\l__coffin_right_corner_dim=\dimen127
\l__coffin_bottom_corner_dim=\dimen128
\l__coffin_top_corner_dim=\dimen129
\l__coffin_scaled_total_height_dim=\dimen130
\l__coffin_scaled_width_dim=\dimen131
\c__coffin_empty_coffin=\box41
\l__coffin_display_coffin=\box42
\l__coffin_display_coord_coffin=\box43
\l__coffin_display_pole_coffin=\box44
\l__coffin_display_offset_dim=\dimen132
\l__coffin_display_x_dim=\dimen133
\l__coffin_display_y_dim=\dimen134
\g__file_internal_ior=\read1
\l__seq_internal_a_int=\count170
\l__seq_internal_b_int=\count171
)
("C:\PengPeng\MiKTeX 2.9\tex/latex/l3backend\l3backend-xdvipdfmx.def"
File: l3backend-xdvipdfmx.def 2019-04-06 v L3 Experimental backend support: xdv
ipdfmx
\g__graphics_track_int=\count172
\l__pdf_internal_box=\box45
\g__pdf_backend_object_int=\count173
\g__pdf_backend_annotation_int=\count174
))
Package: ctex 2019/05/29 v2.4.16 Chinese adapter in LaTeX (CTEX)

("C:\PengPeng\MiKTeX 2.9\tex/latex/l3packages/xparse\xparse.sty"
Package: xparse 2019-05-28 L3 Experimental document command parser
\l__xparse_current_arg_int=\count175
\g__xparse_grabber_int=\count176
\l__xparse_m_args_int=\count177
\l__xparse_v_nesting_int=\count178
)
("C:\PengPeng\MiKTeX 2.9\tex/latex/l3packages/l3keys2e\l3keys2e.sty"
Package: l3keys2e 2019-05-28 LaTeX2e option processing using LaTeX3 keys
)
("C:\PengPeng\MiKTeX 2.9\tex/latex/ctex\ctexhook.sty"
Package: ctexhook 2019/05/29 v2.4.16 Document and package hooks (CTEX)
)
("C:\PengPeng\MiKTeX 2.9\tex/latex/ctex\ctexpatch.sty"
Package: ctexpatch 2019/05/29 v2.4.16 Patching commands (CTEX)
)
("C:\PengPeng\MiKTeX 2.9\tex/latex/base\fix-cm.sty"
Package: fix-cm 2015/01/14 v1.1t fixes to LaTeX

("C:\PengPeng\MiKTeX 2.9\tex/latex/base\ts1enc.def"
File: ts1enc.def 2001/06/05 v3.0e (jk/car/fm) Standard LaTeX file
))
("C:\PengPeng\MiKTeX 2.9\tex/latex/ms\everysel.sty"
Package: everysel 2011/10/28 v1.2 EverySelectfont Package (MS)
)
\l__ctex_tmp_int=\count179
\l__ctex_tmp_box=\box46
\l__ctex_tmp_dim=\dimen135
\g__ctex_section_depth_int=\count180
\g__ctex_font_size_int=\count181

("C:\PengPeng\MiKTeX 2.9\tex/latex/ctex/config\ctexopts.cfg"
File: ctexopts.cfg 2019/05/29 v2.4.16 Option configuration file (CTEX)
)
("C:\PengPeng\MiKTeX 2.9\tex/latex/ctex/engine\ctex-engine-xetex.def"
File: ctex-engine-xetex.def 2019/05/29 v2.4.16 XeLaTeX adapter (CTEX)

("C:\PengPeng\MiKTeX 2.9\tex/xelatex/xecjk\xeCJK.sty"
Package: xeCJK 2019/06/02 v3.7.4 Typesetting CJK scripts with XeLaTeX

("C:\PengPeng\MiKTeX 2.9\tex/latex/l3packages/xtemplate\xtemplate.sty"
Package: xtemplate 2019-05-28 L3 Experimental prototype document functions
\l__xtemplate_tmp_dim=\dimen136
\l__xtemplate_tmp_int=\count182
\l__xtemplate_tmp_muskip=\muskip16
\l__xtemplate_tmp_skip=\skip49
)
\l__xeCJK_tmp_int=\count183
\l__xeCJK_tmp_box=\box47
\l__xeCJK_tmp_dim=\dimen137
\l__xeCJK_tmp_skip=\skip50
\g__xeCJK_space_factor_int=\count184
\l__xeCJK_begin_int=\count185
\l__xeCJK_end_int=\count186
\c__xeCJK_CJK_class_int=\XeTeXcharclass1
\c__xeCJK_FullLeft_class_int=\XeTeXcharclass2
\c__xeCJK_FullRight_class_int=\XeTeXcharclass3
\c__xeCJK_HalfLeft_class_int=\XeTeXcharclass4
\c__xeCJK_HalfRight_class_int=\XeTeXcharclass5
\c__xeCJK_NormalSpace_class_int=\XeTeXcharclass6
\c__xeCJK_CM_class_int=\XeTeXcharclass7
\c__xeCJK_HangulJamo_class_int=\XeTeXcharclass8
\l__xeCJK_last_skip=\skip51
\g__xeCJK_node_int=\count187
\c__xeCJK_CJK_node_dim=\dimen138
\c__xeCJK_CJK-space_node_dim=\dimen139
\c__xeCJK_default_node_dim=\dimen140
\c__xeCJK_default-space_node_dim=\dimen141
\c__xeCJK_CJK-widow_node_dim=\dimen142
\c__xeCJK_normalspace_node_dim=\dimen143
\l__xeCJK_ccglue_skip=\skip52
\l__xeCJK_ecglue_skip=\skip53
\l__xeCJK_punct_kern_skip=\skip54
\l__xeCJK_last_penalty_int=\count188
\l__xeCJK_last_bound_dim=\dimen144
\l__xeCJK_last_kern_dim=\dimen145
\l__xeCJK_widow_penalty_int=\count189

Package xtemplate Info: Declaring object type 'xeCJK/punctuation' taking 0
(xtemplate)             argument(s) on line 2323.

\l__xeCJK_fixed_punct_width_dim=\dimen146
\l__xeCJK_mixed_punct_width_dim=\dimen147
\l__xeCJK_middle_punct_width_dim=\dimen148
\l__xeCJK_fixed_margin_width_dim=\dimen149
\l__xeCJK_mixed_margin_width_dim=\dimen150
\l__xeCJK_middle_margin_width_dim=\dimen151
\l__xeCJK_bound_punct_width_dim=\dimen152
\l__xeCJK_bound_margin_width_dim=\dimen153
\l__xeCJK_margin_minimum_dim=\dimen154
\l__xeCJK_kerning_total_width_dim=\dimen155
\l__xeCJK_same_align_margin_dim=\dimen156
\l__xeCJK_different_align_margin_dim=\dimen157
\l__xeCJK_kerning_margin_width_dim=\dimen158
\l__xeCJK_kerning_margin_minimum_dim=\dimen159
\l__xeCJK_bound_dim=\dimen160
\l__xeCJK_reverse_bound_dim=\dimen161
\l__xeCJK_margin_dim=\dimen162
\l__xeCJK_minimum_bound_dim=\dimen163
\l__xeCJK_kerning_margin_dim=\dimen164
\g__xeCJK_family_int=\count190
\l__xeCJK_fam_int=\count191
\g__xeCJK_fam_allocation_int=\count192
\l__xeCJK_verb_case_int=\count193
\l__xeCJK_verb_exspace_skip=\skip55

("C:\PengPeng\MiKTeX 2.9\tex/latex/fontspec\fontspec.sty"
Package: fontspec 2019/03/15 v2.7c Font selection for XeLaTeX and LuaLaTeX

("C:\PengPeng\MiKTeX 2.9\tex/latex/fontspec\fontspec-xetex.sty"
Package: fontspec-xetex 2019/03/15 v2.7c Font selection for XeLaTeX and LuaLaTe
X
\l__fontspec_script_int=\count194
\l__fontspec_language_int=\count195
\l__fontspec_strnum_int=\count196
\l__fontspec_tmp_int=\count197
\l__fontspec_tmpa_int=\count198
\l__fontspec_tmpb_int=\count199
\l__fontspec_tmpc_int=\count266
\l__fontspec_em_int=\count267
\l__fontspec_emdef_int=\count268
\l__fontspec_strong_int=\count269
\l__fontspec_strongdef_int=\count270
\l__fontspec_tmpa_dim=\dimen165
\l__fontspec_tmpb_dim=\dimen166
\l__fontspec_tmpc_dim=\dimen167

("C:\PengPeng\MiKTeX 2.9\tex/latex/base\fontenc.sty"
Package: fontenc 2018/08/11 v2.0j Standard LaTeX package

("C:\PengPeng\MiKTeX 2.9\tex/latex/base\tuenc.def"
File: tuenc.def 2018/08/11 v2.0j Standard LaTeX file
LaTeX Font Info:    Redeclaring font encoding TU on input line 82.
))
("C:\PengPeng\MiKTeX 2.9\tex/latex/fontspec\fontspec.cfg")
LaTeX Info: Redefining \itshape on input line 4051.
LaTeX Info: Redefining \slshape on input line 4056.
LaTeX Info: Redefining \scshape on input line 4061.
LaTeX Info: Redefining \upshape on input line 4066.
LaTeX Info: Redefining \em on input line 4096.
LaTeX Info: Redefining \emph on input line 4121.
))
("C:\PengPeng\MiKTeX 2.9\tex/xelatex/xecjk\xeCJK.cfg"
File: xeCJK.cfg 2019/06/02 v3.7.4 Configuration file for xeCJK package
))
("C:\PengPeng\MiKTeX 2.9\tex/xelatex/xecjk\xeCJKfntef.sty"
Package: xeCJKfntef 2019/06/02 v3.7.4 xeCJK font effect

("C:\PengPeng\MiKTeX 2.9\tex/latex/ulem\ulem.sty"
\UL@box=\box48
\UL@hyphenbox=\box49
\UL@skip=\skip56
\UL@hook=\toks14
\UL@height=\dimen168
\UL@pe=\count271
\UL@pixel=\dimen169
\ULC@box=\box50
Package: ulem 2012/05/18
\ULdepth=\dimen170
)
("C:\PengPeng\MiKTeX 2.9\tex/latex/cjk\CJKfntef.sty"
Package: CJKfntef 2015/04/18 4.8.4
\CJK@fntefSkip=\skip57
\CJK@nest=\count272
\CJK@fntefDimen=\dimen171
\CJK@underdotBox=\box51
\CJK@ULbox=\box52
\CJK@underanyskip=\dimen172
)
\l__xeCJK_space_skip=\skip58
\c__xeCJK_ulem-begin_node_dim=\dimen173
\c__xeCJK_null_box=\box53
\l__xeCJK_fntef_box=\box54
\l__xeCJK_under_symbol_box=\box55
\c__xeCJK_filll_skip=\skip59
)
\ccwd=\dimen174
\l__ctex_ccglue_skip=\skip60
)
\l__ctex_ziju_dim=\dimen175

("C:\PengPeng\MiKTeX 2.9\tex/latex/zhnumber\zhnumber.sty"
Package: zhnumber 2019/04/07 v2.7 Typesetting numbers with Chinese glyphs
\l__zhnum_scale_int=\count273

("C:\PengPeng\MiKTeX 2.9\tex/latex/zhnumber\zhnumber-utf8.cfg"
File: zhnumber-utf8.cfg 2019/04/07 v2.7 Chinese numerals with UTF8 encoding
))
("C:\PengPeng\MiKTeX 2.9\tex/latex/ctex/scheme\ctex-scheme-chinese.def"
File: ctex-scheme-chinese.def 2019/05/29 v2.4.16 Chinese scheme for generic (CT
EX)

("C:\PengPeng\MiKTeX 2.9\tex/latex/ctex/config\ctex-name-utf8.cfg"
File: ctex-name-utf8.cfg 2019/05/29 v2.4.16 Caption with encoding UTF8 (CTEX)
))
("C:\PengPeng\MiKTeX 2.9\tex/latex/tools\indentfirst.sty"
Package: indentfirst 1995/11/23 v1.03 Indent first paragraph (DPC)
)
("C:\PengPeng\MiKTeX 2.9\tex/latex/ctex\ctex-c5size.clo"
File: ctex-c5size.clo 2019/05/29 v2.4.16 c5size option (CTEX)
)
("C:\PengPeng\MiKTeX 2.9\tex/latex/ctex/fontset\ctex-fontset-windows.def"
File: ctex-fontset-windows.def 2019/05/29 v2.4.16 Windows fonts definition (CTE
X)

("C:\PengPeng\MiKTeX 2.9\tex/latex/ctex/fontset\ctex-fontset-windowsnew.def"
File: ctex-fontset-windowsnew.def 2019/05/29 v2.4.16 Windows fonts definition f
or Vista or later version (CTEX)

Package fontspec Info: Could not resolve font "KaiTi/B" (it probably doesn't
(fontspec)             exist).


Package fontspec Info: Could not resolve font "SimHei/I" (it probably doesn't
(fontspec)             exist).


Package fontspec Info: Could not resolve font "SimSun/BI" (it probably doesn't
(fontspec)             exist).


Package fontspec Info: Font family 'SimSun(0)' created for font 'SimSun' with
(fontspec)             options
(fontspec)             [Script={CJK},BoldFont={SimHei},ItalicFont={KaiTi}].
(fontspec)              
(fontspec)              This font family consists of the following NFSS
(fontspec)             series/shapes:
(fontspec)              
(fontspec)             - 'normal' (m/n) with NFSS spec.:
(fontspec)             <->"SimSun/OT:script=hani;language=DFLT;"
(fontspec)             - 'small caps'  (m/sc) with NFSS spec.: 
(fontspec)             - 'bold' (bx/n) with NFSS spec.:
(fontspec)             <->"SimHei/OT:script=hani;language=DFLT;"
(fontspec)             - 'bold small caps'  (bx/sc) with NFSS spec.: 
(fontspec)             - 'italic' (m/it) with NFSS spec.:
(fontspec)             <->"KaiTi/OT:script=hani;language=DFLT;"
(fontspec)             - 'italic small caps'  (m/itsc) with NFSS spec.: 

))) ("C:\PengPeng\MiKTeX 2.9\tex/latex/ctex/config\ctex.cfg"
File: ctex.cfg 2019/05/29 v2.4.16 Configuration file (CTEX)
)
("C:\PengPeng\MiKTeX 2.9\tex/latex/amsmath\amsmath.sty"
Package: amsmath 2018/12/01 v2.17b AMS math features
\@mathmargin=\skip61

For additional information on amsmath, use the `?' option.
("C:\PengPeng\MiKTeX 2.9\tex/latex/amsmath\amstext.sty"
Package: amstext 2000/06/29 v2.01 AMS text

("C:\PengPeng\MiKTeX 2.9\tex/latex/amsmath\amsgen.sty"
File: amsgen.sty 1999/11/30 v2.0 generic functions
\@emptytoks=\toks15
\ex@=\dimen176
))
("C:\PengPeng\MiKTeX 2.9\tex/latex/amsmath\amsbsy.sty"
Package: amsbsy 1999/11/29 v1.2d Bold Symbols
\pmbraise@=\dimen177
)
("C:\PengPeng\MiKTeX 2.9\tex/latex/amsmath\amsopn.sty"
Package: amsopn 2016/03/08 v2.02 operator names
)
\inf@bad=\count274
LaTeX Info: Redefining \frac on input line 223.
\uproot@=\count275
\leftroot@=\count276
LaTeX Info: Redefining \overline on input line 385.
\classnum@=\count277
\DOTSCASE@=\count278
LaTeX Info: Redefining \ldots on input line 482.
LaTeX Info: Redefining \dots on input line 485.
LaTeX Info: Redefining \cdots on input line 606.
\Mathstrutbox@=\box56
\strutbox@=\box57
\big@size=\dimen178
LaTeX Font Info:    Redeclaring font encoding OML on input line 729.
LaTeX Font Info:    Redeclaring font encoding OMS on input line 730.
\macc@depth=\count279
\c@MaxMatrixCols=\count280
\dotsspace@=\muskip17
\c@parentequation=\count281
\dspbrk@lvl=\count282
\tag@help=\toks16
\row@=\count283
\column@=\count284
\maxfields@=\count285
\andhelp@=\toks17
\eqnshift@=\dimen179
\alignsep@=\dimen180
\tagshift@=\dimen181
\tagwidth@=\dimen182
\totwidth@=\dimen183
\lineht@=\dimen184
\@envbody=\toks18
\multlinegap=\skip62
\multlinetaggap=\skip63
\mathdisplay@stack=\toks19
LaTeX Info: Redefining \[ on input line 2844.
LaTeX Info: Redefining \] on input line 2845.
)
("C:\PengPeng\MiKTeX 2.9\tex/latex/txfonts\txfonts.sty"
Package: txfonts 2008/01/22 v3.2.1
LaTeX Font Info:    Redeclaring symbol font `operators' on input line 21.
LaTeX Font Info:    Overwriting symbol font `operators' in version `normal'
(Font)                  OT1/cmr/m/n --> OT1/txr/m/n on input line 21.
LaTeX Font Info:    Overwriting symbol font `operators' in version `bold'
(Font)                  OT1/cmr/bx/n --> OT1/txr/m/n on input line 21.
LaTeX Font Info:    Overwriting symbol font `operators' in version `bold'
(Font)                  OT1/txr/m/n --> OT1/txr/bx/n on input line 22.
\symitalic=\mathgroup4
LaTeX Font Info:    Overwriting symbol font `italic' in version `bold'
(Font)                  OT1/txr/m/it --> OT1/txr/bx/it on input line 26.
LaTeX Font Info:    Redeclaring math alphabet \mathbf on input line 29.
LaTeX Font Info:    Overwriting math alphabet `\mathbf' in version `normal'
(Font)                  OT1/cmr/bx/n --> OT1/txr/bx/n on input line 29.
LaTeX Font Info:    Overwriting math alphabet `\mathbf' in version `bold'
(Font)                  OT1/cmr/bx/n --> OT1/txr/bx/n on input line 29.
LaTeX Font Info:    Redeclaring math alphabet \mathit on input line 30.
LaTeX Font Info:    Overwriting math alphabet `\mathit' in version `normal'
(Font)                  OT1/cmr/m/it --> OT1/txr/m/it on input line 30.
LaTeX Font Info:    Overwriting math alphabet `\mathit' in version `bold'
(Font)                  OT1/cmr/bx/it --> OT1/txr/m/it on input line 30.
LaTeX Font Info:    Overwriting math alphabet `\mathit' in version `bold'
(Font)                  OT1/txr/m/it --> OT1/txr/bx/it on input line 31.
LaTeX Font Info:    Redeclaring math alphabet \mathsf on input line 40.
LaTeX Font Info:    Overwriting math alphabet `\mathsf' in version `normal'
(Font)                  OT1/cmss/m/n --> OT1/txss/m/n on input line 40.
LaTeX Font Info:    Overwriting math alphabet `\mathsf' in version `bold'
(Font)                  OT1/cmss/bx/n --> OT1/txss/m/n on input line 40.
LaTeX Font Info:    Overwriting math alphabet `\mathsf' in version `bold'
(Font)                  OT1/txss/m/n --> OT1/txss/b/n on input line 41.
LaTeX Font Info:    Redeclaring math alphabet \mathtt on input line 50.
LaTeX Font Info:    Overwriting math alphabet `\mathtt' in version `normal'
(Font)                  OT1/cmtt/m/n --> OT1/txtt/m/n on input line 50.
LaTeX Font Info:    Overwriting math alphabet `\mathtt' in version `bold'
(Font)                  OT1/cmtt/m/n --> OT1/txtt/m/n on input line 50.
LaTeX Font Info:    Overwriting math alphabet `\mathtt' in version `bold'
(Font)                  OT1/txtt/m/n --> OT1/txtt/b/n on input line 51.
LaTeX Font Info:    Redeclaring symbol font `letters' on input line 58.
LaTeX Font Info:    Overwriting symbol font `letters' in version `normal'
(Font)                  OML/cmm/m/it --> OML/txmi/m/it on input line 58.
LaTeX Font Info:    Overwriting symbol font `letters' in version `bold'
(Font)                  OML/cmm/b/it --> OML/txmi/m/it on input line 58.
LaTeX Font Info:    Overwriting symbol font `letters' in version `bold'
(Font)                  OML/txmi/m/it --> OML/txmi/bx/it on input line 59.
\symlettersA=\mathgroup5
LaTeX Font Info:    Overwriting symbol font `lettersA' in version `bold'
(Font)                  U/txmia/m/it --> U/txmia/bx/it on input line 67.
LaTeX Font Info:    Redeclaring symbol font `symbols' on input line 77.
LaTeX Font Info:    Overwriting symbol font `symbols' in version `normal'
(Font)                  OMS/cmsy/m/n --> OMS/txsy/m/n on input line 77.
LaTeX Font Info:    Overwriting symbol font `symbols' in version `bold'
(Font)                  OMS/cmsy/b/n --> OMS/txsy/m/n on input line 77.
LaTeX Font Info:    Overwriting symbol font `symbols' in version `bold'
(Font)                  OMS/txsy/m/n --> OMS/txsy/bx/n on input line 78.
\symAMSa=\mathgroup6
LaTeX Font Info:    Overwriting symbol font `AMSa' in version `bold'
(Font)                  U/txsya/m/n --> U/txsya/bx/n on input line 94.
\symAMSb=\mathgroup7
LaTeX Font Info:    Overwriting symbol font `AMSb' in version `bold'
(Font)                  U/txsyb/m/n --> U/txsyb/bx/n on input line 103.
\symsymbolsC=\mathgroup8
LaTeX Font Info:    Overwriting symbol font `symbolsC' in version `bold'
(Font)                  U/txsyc/m/n --> U/txsyc/bx/n on input line 113.
LaTeX Font Info:    Redeclaring symbol font `largesymbols' on input line 120.
LaTeX Font Info:    Overwriting symbol font `largesymbols' in version `normal'
(Font)                  OMX/cmex/m/n --> OMX/txex/m/n on input line 120.
LaTeX Font Info:    Overwriting symbol font `largesymbols' in version `bold'
(Font)                  OMX/cmex/m/n --> OMX/txex/m/n on input line 120.
LaTeX Font Info:    Overwriting symbol font `largesymbols' in version `bold'
(Font)                  OMX/txex/m/n --> OMX/txex/bx/n on input line 121.
\symlargesymbolsA=\mathgroup9
LaTeX Font Info:    Overwriting symbol font `largesymbolsA' in version `bold'
(Font)                  U/txexa/m/n --> U/txexa/bx/n on input line 129.
LaTeX Info: Redefining \not on input line 1043.
)
("C:\PengPeng\MiKTeX 2.9\tex/latex/amsfonts\amssymb.sty"
Package: amssymb 2013/01/14 v3.01 AMS font symbols

("C:\PengPeng\MiKTeX 2.9\tex/latex/amsfonts\amsfonts.sty"
Package: amsfonts 2013/01/14 v3.01 Basic AMSFonts support
LaTeX Font Info:    Redeclaring symbol font `AMSa' on input line 59.
LaTeX Font Info:    Overwriting symbol font `AMSa' in version `normal'
(Font)                  U/txsya/m/n --> U/msa/m/n on input line 59.
LaTeX Font Info:    Overwriting symbol font `AMSa' in version `bold'
(Font)                  U/txsya/bx/n --> U/msa/m/n on input line 59.
LaTeX Font Info:    Redeclaring symbol font `AMSb' on input line 60.
LaTeX Font Info:    Overwriting symbol font `AMSb' in version `normal'
(Font)                  U/txsyb/m/n --> U/msb/m/n on input line 60.
LaTeX Font Info:    Overwriting symbol font `AMSb' in version `bold'
(Font)                  U/txsyb/bx/n --> U/msb/m/n on input line 60.
LaTeX Font Info:    Redeclaring math delimiter \ulcorner on input line 74.
LaTeX Font Info:    Redeclaring math delimiter \urcorner on input line 75.
LaTeX Font Info:    Redeclaring math delimiter \llcorner on input line 76.
LaTeX Font Info:    Redeclaring math delimiter \lrcorner on input line 77.
LaTeX Font Info:    Redeclaring math symbol \square on input line 141.
LaTeX Font Info:    Redeclaring math symbol \lozenge on input line 142.
)
LaTeX Font Info:    Redeclaring math symbol \boxdot on input line 44.
LaTeX Font Info:    Redeclaring math symbol \boxplus on input line 45.
LaTeX Font Info:    Redeclaring math symbol \boxtimes on input line 46.
LaTeX Font Info:    Redeclaring math symbol \blacksquare on input line 48.
LaTeX Font Info:    Redeclaring math symbol \centerdot on input line 49.
LaTeX Font Info:    Redeclaring math symbol \blacklozenge on input line 51.
LaTeX Font Info:    Redeclaring math symbol \circlearrowright on input line 52.

LaTeX Font Info:    Redeclaring math symbol \circlearrowleft on input line 53.
LaTeX Font Info:    Redeclaring math symbol \leftrightharpoons on input line 56
.
LaTeX Font Info:    Redeclaring math symbol \boxminus on input line 57.
LaTeX Font Info:    Redeclaring math symbol \Vdash on input line 58.
LaTeX Font Info:    Redeclaring math symbol \Vvdash on input line 59.
LaTeX Font Info:    Redeclaring math symbol \vDash on input line 60.
LaTeX Font Info:    Redeclaring math symbol \twoheadrightarrow on input line 61
.
LaTeX Font Info:    Redeclaring math symbol \twoheadleftarrow on input line 62.

LaTeX Font Info:    Redeclaring math symbol \leftleftarrows on input line 63.
LaTeX Font Info:    Redeclaring math symbol \rightrightarrows on input line 64.

LaTeX Font Info:    Redeclaring math symbol \upuparrows on input line 65.
LaTeX Font Info:    Redeclaring math symbol \downdownarrows on input line 66.
LaTeX Font Info:    Redeclaring math symbol \upharpoonright on input line 67.
LaTeX Font Info:    Redeclaring math symbol \downharpoonright on input line 69.

LaTeX Font Info:    Redeclaring math symbol \upharpoonleft on input line 70.
LaTeX Font Info:    Redeclaring math symbol \downharpoonleft on input line 71.
LaTeX Font Info:    Redeclaring math symbol \rightarrowtail on input line 72.
LaTeX Font Info:    Redeclaring math symbol \leftarrowtail on input line 73.
LaTeX Font Info:    Redeclaring math symbol \leftrightarrows on input line 74.
LaTeX Font Info:    Redeclaring math symbol \rightleftarrows on input line 75.
LaTeX Font Info:    Redeclaring math symbol \Lsh on input line 76.
LaTeX Font Info:    Redeclaring math symbol \Rsh on input line 77.
LaTeX Font Info:    Redeclaring math symbol \leftrightsquigarrow on input line 
79.
LaTeX Font Info:    Redeclaring math symbol \looparrowleft on input line 80.
LaTeX Font Info:    Redeclaring math symbol \looparrowright on input line 81.
LaTeX Font Info:    Redeclaring math symbol \circeq on input line 82.
LaTeX Font Info:    Redeclaring math symbol \succsim on input line 83.
LaTeX Font Info:    Redeclaring math symbol \gtrsim on input line 84.
LaTeX Font Info:    Redeclaring math symbol \gtrapprox on input line 85.
LaTeX Font Info:    Redeclaring math symbol \multimap on input line 86.
LaTeX Font Info:    Redeclaring math symbol \therefore on input line 87.
LaTeX Font Info:    Redeclaring math symbol \because on input line 88.
LaTeX Font Info:    Redeclaring math symbol \doteqdot on input line 89.
LaTeX Font Info:    Redeclaring math symbol \triangleq on input line 91.
LaTeX Font Info:    Redeclaring math symbol \precsim on input line 92.
LaTeX Font Info:    Redeclaring math symbol \lesssim on input line 93.
LaTeX Font Info:    Redeclaring math symbol \lessapprox on input line 94.
LaTeX Font Info:    Redeclaring math symbol \eqslantless on input line 95.
LaTeX Font Info:    Redeclaring math symbol \eqslantgtr on input line 96.
LaTeX Font Info:    Redeclaring math symbol \curlyeqprec on input line 97.
LaTeX Font Info:    Redeclaring math symbol \curlyeqsucc on input line 98.
LaTeX Font Info:    Redeclaring math symbol \preccurlyeq on input line 99.
LaTeX Font Info:    Redeclaring math symbol \leqq on input line 100.
LaTeX Font Info:    Redeclaring math symbol \leqslant on input line 101.
LaTeX Font Info:    Redeclaring math symbol \lessgtr on input line 102.
LaTeX Font Info:    Redeclaring math symbol \backprime on input line 103.
LaTeX Font Info:    Redeclaring math symbol \risingdotseq on input line 104.
LaTeX Font Info:    Redeclaring math symbol \fallingdotseq on input line 105.
LaTeX Font Info:    Redeclaring math symbol \succcurlyeq on input line 106.
LaTeX Font Info:    Redeclaring math symbol \geqq on input line 107.
LaTeX Font Info:    Redeclaring math symbol \geqslant on input line 108.
LaTeX Font Info:    Redeclaring math symbol \gtrless on input line 109.
LaTeX Font Info:    Redeclaring math symbol \bigstar on input line 117.
LaTeX Font Info:    Redeclaring math symbol \between on input line 118.
LaTeX Font Info:    Redeclaring math symbol \blacktriangledown on input line 11
9.
LaTeX Font Info:    Redeclaring math symbol \blacktriangleright on input line 1
20.
LaTeX Font Info:    Redeclaring math symbol \blacktriangleleft on input line 12
1.
LaTeX Font Info:    Redeclaring math symbol \vartriangle on input line 122.
LaTeX Font Info:    Redeclaring math symbol \blacktriangle on input line 123.
LaTeX Font Info:    Redeclaring math symbol \triangledown on input line 124.
LaTeX Font Info:    Redeclaring math symbol \eqcirc on input line 125.
LaTeX Font Info:    Redeclaring math symbol \lesseqgtr on input line 126.
LaTeX Font Info:    Redeclaring math symbol \gtreqless on input line 127.
LaTeX Font Info:    Redeclaring math symbol \lesseqqgtr on input line 128.
LaTeX Font Info:    Redeclaring math symbol \gtreqqless on input line 129.
LaTeX Font Info:    Redeclaring math symbol \Rrightarrow on input line 130.
LaTeX Font Info:    Redeclaring math symbol \Lleftarrow on input line 131.
LaTeX Font Info:    Redeclaring math symbol \veebar on input line 132.
LaTeX Font Info:    Redeclaring math symbol \barwedge on input line 133.
LaTeX Font Info:    Redeclaring math symbol \doublebarwedge on input line 134.
LaTeX Font Info:    Redeclaring math symbol \measuredangle on input line 137.
LaTeX Font Info:    Redeclaring math symbol \sphericalangle on input line 138.
LaTeX Font Info:    Redeclaring math symbol \varpropto on input line 139.
LaTeX Font Info:    Redeclaring math symbol \smallsmile on input line 140.
LaTeX Font Info:    Redeclaring math symbol \smallfrown on input line 141.
LaTeX Font Info:    Redeclaring math symbol \Subset on input line 142.
LaTeX Font Info:    Redeclaring math symbol \Supset on input line 143.
LaTeX Font Info:    Redeclaring math symbol \Cup on input line 144.
LaTeX Font Info:    Redeclaring math symbol \Cap on input line 146.
LaTeX Font Info:    Redeclaring math symbol \curlywedge on input line 148.
LaTeX Font Info:    Redeclaring math symbol \curlyvee on input line 149.
LaTeX Font Info:    Redeclaring math symbol \leftthreetimes on input line 150.
LaTeX Font Info:    Redeclaring math symbol \rightthreetimes on input line 151.

LaTeX Font Info:    Redeclaring math symbol \subseteqq on input line 152.
LaTeX Font Info:    Redeclaring math symbol \supseteqq on input line 153.
LaTeX Font Info:    Redeclaring math symbol \bumpeq on input line 154.
LaTeX Font Info:    Redeclaring math symbol \Bumpeq on input line 155.
LaTeX Font Info:    Redeclaring math symbol \lll on input line 156.
LaTeX Font Info:    Redeclaring math symbol \ggg on input line 158.
LaTeX Font Info:    Redeclaring math symbol \circledS on input line 160.
LaTeX Font Info:    Redeclaring math symbol \pitchfork on input line 161.
LaTeX Font Info:    Redeclaring math symbol \dotplus on input line 162.
LaTeX Font Info:    Redeclaring math symbol \backsim on input line 163.
LaTeX Font Info:    Redeclaring math symbol \backsimeq on input line 164.
LaTeX Font Info:    Redeclaring math symbol \complement on input line 165.
LaTeX Font Info:    Redeclaring math symbol \intercal on input line 166.
LaTeX Font Info:    Redeclaring math symbol \circledcirc on input line 167.
LaTeX Font Info:    Redeclaring math symbol \circledast on input line 168.
LaTeX Font Info:    Redeclaring math symbol \circleddash on input line 169.
LaTeX Font Info:    Redeclaring math symbol \lvertneqq on input line 171.
LaTeX Font Info:    Redeclaring math symbol \gvertneqq on input line 172.
LaTeX Font Info:    Redeclaring math symbol \nleq on input line 173.
LaTeX Font Info:    Redeclaring math symbol \ngeq on input line 174.
LaTeX Font Info:    Redeclaring math symbol \nless on input line 175.
LaTeX Font Info:    Redeclaring math symbol \ngtr on input line 176.
LaTeX Font Info:    Redeclaring math symbol \nprec on input line 177.
LaTeX Font Info:    Redeclaring math symbol \nsucc on input line 178.
LaTeX Font Info:    Redeclaring math symbol \lneqq on input line 179.
LaTeX Font Info:    Redeclaring math symbol \gneqq on input line 180.
LaTeX Font Info:    Redeclaring math symbol \nleqslant on input line 181.
LaTeX Font Info:    Redeclaring math symbol \ngeqslant on input line 182.
LaTeX Font Info:    Redeclaring math symbol \lneq on input line 183.
LaTeX Font Info:    Redeclaring math symbol \gneq on input line 184.
LaTeX Font Info:    Redeclaring math symbol \npreceq on input line 185.
LaTeX Font Info:    Redeclaring math symbol \nsucceq on input line 186.
LaTeX Font Info:    Redeclaring math symbol \precnsim on input line 187.
LaTeX Font Info:    Redeclaring math symbol \succnsim on input line 188.
LaTeX Font Info:    Redeclaring math symbol \lnsim on input line 189.
LaTeX Font Info:    Redeclaring math symbol \gnsim on input line 190.
LaTeX Font Info:    Redeclaring math symbol \nleqq on input line 191.
LaTeX Font Info:    Redeclaring math symbol \ngeqq on input line 192.
LaTeX Font Info:    Redeclaring math symbol \precneqq on input line 193.
LaTeX Font Info:    Redeclaring math symbol \succneqq on input line 194.
LaTeX Font Info:    Redeclaring math symbol \precnapprox on input line 195.
LaTeX Font Info:    Redeclaring math symbol \succnapprox on input line 196.
LaTeX Font Info:    Redeclaring math symbol \lnapprox on input line 197.
LaTeX Font Info:    Redeclaring math symbol \gnapprox on input line 198.
LaTeX Font Info:    Redeclaring math symbol \nsim on input line 199.
LaTeX Font Info:    Redeclaring math symbol \ncong on input line 200.
LaTeX Font Info:    Redeclaring math symbol \diagup on input line 201.
LaTeX Font Info:    Redeclaring math symbol \diagdown on input line 202.
LaTeX Font Info:    Redeclaring math symbol \varsubsetneq on input line 203.
LaTeX Font Info:    Redeclaring math symbol \varsupsetneq on input line 204.
LaTeX Font Info:    Redeclaring math symbol \nsubseteqq on input line 205.
LaTeX Font Info:    Redeclaring math symbol \nsupseteqq on input line 206.
LaTeX Font Info:    Redeclaring math symbol \subsetneqq on input line 207.
LaTeX Font Info:    Redeclaring math symbol \supsetneqq on input line 208.
LaTeX Font Info:    Redeclaring math symbol \varsubsetneqq on input line 209.
LaTeX Font Info:    Redeclaring math symbol \varsupsetneqq on input line 210.
LaTeX Font Info:    Redeclaring math symbol \subsetneq on input line 211.
LaTeX Font Info:    Redeclaring math symbol \supsetneq on input line 212.
LaTeX Font Info:    Redeclaring math symbol \nsubseteq on input line 213.
LaTeX Font Info:    Redeclaring math symbol \nsupseteq on input line 214.
LaTeX Font Info:    Redeclaring math symbol \nparallel on input line 215.
LaTeX Font Info:    Redeclaring math symbol \nmid on input line 216.
LaTeX Font Info:    Redeclaring math symbol \nshortmid on input line 217.
LaTeX Font Info:    Redeclaring math symbol \nshortparallel on input line 218.
LaTeX Font Info:    Redeclaring math symbol \nvdash on input line 219.
LaTeX Font Info:    Redeclaring math symbol \nVdash on input line 220.
LaTeX Font Info:    Redeclaring math symbol \nvDash on input line 221.
LaTeX Font Info:    Redeclaring math symbol \nVDash on input line 222.
LaTeX Font Info:    Redeclaring math symbol \ntrianglerighteq on input line 223
.
LaTeX Font Info:    Redeclaring math symbol \ntrianglelefteq on input line 224.

LaTeX Font Info:    Redeclaring math symbol \ntriangleleft on input line 225.
LaTeX Font Info:    Redeclaring math symbol \ntriangleright on input line 226.
LaTeX Font Info:    Redeclaring math symbol \nleftarrow on input line 227.
LaTeX Font Info:    Redeclaring math symbol \nrightarrow on input line 228.
LaTeX Font Info:    Redeclaring math symbol \nLeftarrow on input line 229.
LaTeX Font Info:    Redeclaring math symbol \nRightarrow on input line 230.
LaTeX Font Info:    Redeclaring math symbol \nLeftrightarrow on input line 231.

LaTeX Font Info:    Redeclaring math symbol \nleftrightarrow on input line 232.

LaTeX Font Info:    Redeclaring math symbol \divideontimes on input line 233.
LaTeX Font Info:    Redeclaring math symbol \varnothing on input line 234.
LaTeX Font Info:    Redeclaring math symbol \nexists on input line 235.
LaTeX Font Info:    Redeclaring math symbol \Finv on input line 236.
LaTeX Font Info:    Redeclaring math symbol \Game on input line 237.
LaTeX Font Info:    Redeclaring math symbol \eth on input line 240.
LaTeX Font Info:    Redeclaring math symbol \eqsim on input line 241.
LaTeX Font Info:    Redeclaring math symbol \beth on input line 242.
LaTeX Font Info:    Redeclaring math symbol \gimel on input line 243.
LaTeX Font Info:    Redeclaring math symbol \daleth on input line 244.
LaTeX Font Info:    Redeclaring math symbol \lessdot on input line 245.
LaTeX Font Info:    Redeclaring math symbol \gtrdot on input line 246.
LaTeX Font Info:    Redeclaring math symbol \ltimes on input line 247.
LaTeX Font Info:    Redeclaring math symbol \rtimes on input line 248.
LaTeX Font Info:    Redeclaring math symbol \shortmid on input line 249.
LaTeX Font Info:    Redeclaring math symbol \shortparallel on input line 250.
LaTeX Font Info:    Redeclaring math symbol \smallsetminus on input line 251.
LaTeX Font Info:    Redeclaring math symbol \thicksim on input line 252.
LaTeX Font Info:    Redeclaring math symbol \thickapprox on input line 253.
LaTeX Font Info:    Redeclaring math symbol \approxeq on input line 254.
LaTeX Font Info:    Redeclaring math symbol \succapprox on input line 255.
LaTeX Font Info:    Redeclaring math symbol \precapprox on input line 256.
LaTeX Font Info:    Redeclaring math symbol \curvearrowleft on input line 257.
LaTeX Font Info:    Redeclaring math symbol \curvearrowright on input line 258.

LaTeX Font Info:    Redeclaring math symbol \digamma on input line 259.
LaTeX Font Info:    Redeclaring math symbol \varkappa on input line 260.
LaTeX Font Info:    Redeclaring math symbol \Bbbk on input line 261.
LaTeX Font Info:    Redeclaring math symbol \hslash on input line 262.
LaTeX Font Info:    Redeclaring math symbol \backepsilon on input line 265.
)
("C:\PengPeng\MiKTeX 2.9\tex/latex/psnfss\times.sty"
Package: times 2005/04/12 PSNFSS-v9.2a (SPQR) 
)
("C:\PengPeng\MiKTeX 2.9\tex/latex/graphics\graphicx.sty"
Package: graphicx 2017/06/01 v1.1a Enhanced LaTeX Graphics (DPC,SPQR)

("C:\PengPeng\MiKTeX 2.9\tex/latex/graphics\keyval.sty"
Package: keyval 2014/10/28 v1.15 key=value parser (DPC)
\KV@toks@=\toks20
)
("C:\PengPeng\MiKTeX 2.9\tex/latex/graphics\graphics.sty"
Package: graphics 2017/06/25 v1.2c Standard LaTeX Graphics (DPC,SPQR)

("C:\PengPeng\MiKTeX 2.9\tex/latex/graphics\trig.sty"
Package: trig 2016/01/03 v1.10 sin cos tan (DPC)
)
("C:\PengPeng\MiKTeX 2.9\tex/latex/graphics-cfg\graphics.cfg"
File: graphics.cfg 2016/06/04 v1.11 sample graphics configuration
)
Package graphics Info: Driver file: xetex.def on input line 99.

("C:\PengPeng\MiKTeX 2.9\tex/latex/graphics-def\xetex.def"
File: xetex.def 2017/06/24 v5.0h Graphics/color driver for xetex
))
\Gin@req@height=\dimen185
\Gin@req@width=\dimen186
)
("C:\PengPeng\MiKTeX 2.9\tex/latex/graphics\epsfig.sty"
Package: epsfig 2017/06/25 v1.7b (e)psfig emulation (SPQR)
\epsfxsize=\dimen187
\epsfysize=\dimen188
)
("C:\PengPeng\MiKTeX 2.9\tex/latex/tools\tabularx.sty"
Package: tabularx 2016/02/03 v2.11b `tabularx' package (DPC)

("C:\PengPeng\MiKTeX 2.9\tex/latex/tools\array.sty"
Package: array 2018/12/30 v2.4k Tabular extension package (FMi)
\col@sep=\dimen189
\ar@mcellbox=\box58
\extrarowheight=\dimen190
\NC@list=\toks21
\extratabsurround=\skip64
\backup@length=\skip65
\ar@cellbox=\box59
)
\TX@col@width=\dimen191
\TX@old@table=\dimen192
\TX@old@col=\dimen193
\TX@target=\dimen194
\TX@delta=\dimen195
\TX@cols=\count286
\TX@ftn=\toks22
)
("C:\PengPeng\MiKTeX 2.9\tex/latex/subfigure\subfigure.sty"
Package: subfigure 2002/07/30 v2.1.4 subfigure package
\subfigtopskip=\skip66
\subfigcapskip=\skip67
\subfigcaptopadj=\dimen196
\subfigbottomskip=\skip68
\subfigcapmargin=\dimen197
\subfiglabelskip=\skip69
\c@subfigure=\count287
\c@lofdepth=\count288
\c@subtable=\count289
\c@lotdepth=\count290

****************************************
* Local config file subfigure.cfg used *
****************************************
("C:\PengPeng\MiKTeX 2.9\tex/latex/subfigure\subfigure.cfg")
\subfig@top=\skip70
\subfig@bottom=\skip71
)
("C:\PengPeng\MiKTeX 2.9\tex/latex/multirow\multirow.sty"
Package: multirow 2019/05/31 v2.5 Span multiple rows of a table
\multirow@colwidth=\skip72
\multirow@cntb=\count291
\multirow@dima=\skip73
\bigstrutjot=\dimen198
)
("C:\PengPeng\MiKTeX 2.9\tex/latex/algorithm2e\algorithm2e.sty"
Invalid UTF-8 byte or sequence at line 284 replaced by U+FFFD.
Invalid UTF-8 byte or sequence at line 299 replaced by U+FFFD.
Invalid UTF-8 byte or sequence at line 550 replaced by U+FFFD.
Package: algorithm2e 2017/07/18 v5.2 algorithms environments
\c@AlgoLine=\count292

("C:\PengPeng\MiKTeX 2.9\tex/latex/base\ifthen.sty"
Package: ifthen 2014/09/29 v1.1c Standard LaTeX ifthen package (DPC)
)
\algocf@hangindent=\skip74

("C:\PengPeng\MiKTeX 2.9\tex/latex/ifoddpage\ifoddpage.sty"
Package: ifoddpage 2016/04/23 v1.1 Conditionals for odd/even page detection
\c@checkoddpage=\count293
)
("C:\PengPeng\MiKTeX 2.9\tex/latex/tools\xspace.sty"
Package: xspace 2014/10/28 v1.13 Space after command names (DPC,MH)
)
("C:\PengPeng\MiKTeX 2.9\tex/latex/relsize\relsize.sty"
Package: relsize 2013/03/29 ver 4.1
)
\skiptotal=\skip75
\skiplinenumber=\skip76
\skiprule=\skip77
\skiphlne=\skip78
\skiptext=\skip79
\skiplength=\skip80
\algomargin=\skip81
\skipalgocfslide=\skip82
\algowidth=\dimen199
\inoutsize=\dimen256
\inoutindent=\dimen257
\interspacetitleruled=\dimen258
\interspacealgoruled=\dimen259
\interspacetitleboxruled=\dimen260
\algocf@ruledwidth=\skip83
\algocf@inoutbox=\box60
\algocf@inputbox=\box61
\AlCapSkip=\skip84
\AlCapHSkip=\skip85
\algoskipindent=\skip86
\algocf@nlbox=\box62
\algocf@hangingbox=\box63
\algocf@untilbox=\box64
\algocf@skipuntil=\skip87
\algocf@capbox=\box65
\algocf@lcaptionbox=\skip88
\algoheightruledefault=\skip89
\algoheightrule=\skip90
\algotitleheightruledefault=\skip91
\algotitleheightrule=\skip92
\c@algocfline=\count294
\c@algocfproc=\count295
\c@algocf=\count296
\algocf@algoframe=\box66
\algocf@algobox=\box67
)
("C:\PengPeng\MiKTeX 2.9\tex/latex/algorithms\algorithmic.sty"
Invalid UTF-8 byte or sequence at line 11 replaced by U+FFFD.
Package: algorithmic 2009/08/24 v0.1 Document Style `algorithmic'
\c@ALC@unique=\count297
\c@ALC@line=\count298
\c@ALC@rem=\count299
\c@ALC@depth=\count300
\ALC@tlm=\skip93
\algorithmicindent=\skip94
)
("C:\PengPeng\MiKTeX 2.9\tex/latex/floatrow\floatrow.sty"
Package: floatrow 2008/08/02 v0.3b floatrow: float package extension

("C:\PengPeng\MiKTeX 2.9\tex/latex/caption\caption3.sty"
Package: caption3 2018/09/12 v1.8c caption3 kernel (AR)
Package caption3 Info: TeX engine: e-TeX on input line 64.
\captionmargin=\dimen261
\captionmargin@=\dimen262
\captionwidth=\dimen263
\caption@tempdima=\dimen264
\caption@indent=\dimen265
\caption@parindent=\dimen266
\caption@hangindent=\dimen267
)
\c@float@type=\count301
\float@exts=\toks23
\float@box=\box68
\@floatcapt=\box69
Package floatrow Info: Modified float package code loaded on input line 455.
Package floatrow Info: Modified rotfloat package code loaded on input line 473.

\FR@everyfloat=\toks24
\flrow@foot=\insert252
\FB@wd=\dimen268
\FBo@wd=\dimen269
\FBc@wd=\dimen270
\FBo@ht=\skip95
\FBc@ht=\skip96
\FBf@ht=\skip97
\FBo@max=\skip98
\FBc@max=\skip99
\FBf@max=\skip100
\c@FBl@b=\count302
\floatbox@depth=\count303
\c@FRobj=\count304
\c@FRsobj=\count305
\Xhsize=\skip101
\sXhsize=\skip102
\Zhsize=\skip103
\sZhsize=\skip104
\flrow@rowbox=\box70
\FR@Zunitlength=\dimen271
\c@FBcnt=\count306
\FPOScnt=\count307
\LTleft=\skip105
\LTright=\skip106
\LTleft=\skip107
\LTright=\skip108
\flrow@types=\toks25
)
("C:\PengPeng\MiKTeX 2.9\tex/latex/listings\listings.sty"
\lst@mode=\count308
\lst@gtempboxa=\box71
\lst@token=\toks26
\lst@length=\count309
\lst@currlwidth=\dimen272
\lst@column=\count310
\lst@pos=\count311
\lst@lostspace=\dimen273
\lst@width=\dimen274
\lst@newlines=\count312
\lst@lineno=\count313
\lst@maxwidth=\dimen275

("C:\PengPeng\MiKTeX 2.9\tex/latex/listings\lstmisc.sty"
File: lstmisc.sty 2019/02/27 1.8b (Carsten Heinz)
\c@lstnumber=\count314
\lst@skipnumbers=\count315
\lst@framebox=\box72
)
("C:\PengPeng\MiKTeX 2.9\tex/latex/listings\listings.cfg"
File: listings.cfg 2019/02/27 1.8b listings configuration
))
Package: listings 2019/02/27 1.8b (Carsten Heinz)

("C:\PengPeng\MiKTeX 2.9\tex/latex/threeparttable\threeparttable.sty"
Package: threeparttable 2003/06/13  v 3.0
\@tempboxb=\box73
)
("C:\PengPeng\MiKTeX 2.9\tex/latex/base\fontenc.sty"
Package: fontenc 2018/08/11 v2.0j Standard LaTeX package

("C:\PengPeng\MiKTeX 2.9\tex/latex/base\t1enc.def"
File: t1enc.def 2018/08/11 v2.0j Standard LaTeX file
LaTeX Font Info:    Redeclaring font encoding T1 on input line 48.
)
LaTeX Font Info:    Try loading font information for T1+lmr on input line 105.

("C:\PengPeng\MiKTeX 2.9\tex/latex/lm\t1lmr.fd"
File: t1lmr.fd 2009/10/30 v1.6 Font defs for Latin Modern
))
("C:\PengPeng\MiKTeX 2.9\tex/latex/pgfplots\pgfplots.sty"
("C:\PengPeng\MiKTeX 2.9\tex/generic/pgfplots\pgfplots.revision.tex")
Package: pgfplots 2018/03/28 v1.16 Data Visualization (1.16)

("C:\PengPeng\MiKTeX 2.9\tex/latex/pgf/frontendlayer\tikz.sty"
("C:\PengPeng\MiKTeX 2.9\tex/latex/pgf/basiclayer\pgf.sty"
("C:\PengPeng\MiKTeX 2.9\tex/latex/pgf/utilities\pgfrcs.sty"
("C:\PengPeng\MiKTeX 2.9\tex/generic/pgf/utilities\pgfutil-common.tex"
\pgfutil@everybye=\toks27
\pgfutil@tempdima=\dimen276
\pgfutil@tempdimb=\dimen277

("C:\PengPeng\MiKTeX 2.9\tex/generic/pgf/utilities\pgfutil-common-lists.tex"))
("C:\PengPeng\MiKTeX 2.9\tex/generic/pgf/utilities\pgfutil-latex.def"
\pgfutil@abb=\box74

("C:\PengPeng\MiKTeX 2.9\tex/latex/ms\everyshi.sty"
Package: everyshi 2001/05/15 v3.00 EveryShipout Package (MS)
))
("C:\PengPeng\MiKTeX 2.9\tex/generic/pgf/utilities\pgfrcs.code.tex"
("C:\PengPeng\MiKTeX 2.9\tex/generic/pgf\pgf.revision.tex")
Package: pgfrcs 2019/07/17 v3.1.4a (3.1.4a)
))
Package: pgf 2019/07/17 v3.1.4a (3.1.4a)

("C:\PengPeng\MiKTeX 2.9\tex/latex/pgf/basiclayer\pgfcore.sty"
("C:\PengPeng\MiKTeX 2.9\tex/latex/pgf/systemlayer\pgfsys.sty"
("C:\PengPeng\MiKTeX 2.9\tex/generic/pgf/systemlayer\pgfsys.code.tex"
Package: pgfsys 2019/07/17 v3.1.4a (3.1.4a)

("C:\PengPeng\MiKTeX 2.9\tex/generic/pgf/utilities\pgfkeys.code.tex"
\pgfkeys@pathtoks=\toks28
\pgfkeys@temptoks=\toks29

("C:\PengPeng\MiKTeX 2.9\tex/generic/pgf/utilities\pgfkeysfiltered.code.tex"
\pgfkeys@tmptoks=\toks30
))
\pgf@x=\dimen278
\pgf@y=\dimen279
\pgf@xa=\dimen280
\pgf@ya=\dimen281
\pgf@xb=\dimen282
\pgf@yb=\dimen283
\pgf@xc=\dimen284
\pgf@yc=\dimen285
\pgf@xd=\dimen286
\pgf@yd=\dimen287
\w@pgf@writea=\write3
\r@pgf@reada=\read2
\c@pgf@counta=\count316
\c@pgf@countb=\count317
\c@pgf@countc=\count318
\c@pgf@countd=\count319
\t@pgf@toka=\toks31
\t@pgf@tokb=\toks32
\t@pgf@tokc=\toks33
\pgf@sys@id@count=\count320

("C:\PengPeng\MiKTeX 2.9\tex/generic/pgf/systemlayer\pgf.cfg"
File: pgf.cfg 2019/07/17 v3.1.4a (3.1.4a)
)
Driver file for pgf: pgfsys-xetex.def

("C:\PengPeng\MiKTeX 2.9\tex/generic/pgf/systemlayer\pgfsys-xetex.def"
File: pgfsys-xetex.def 2019/07/17 v3.1.4a (3.1.4a)

("C:\PengPeng\MiKTeX 2.9\tex/generic/pgf/systemlayer\pgfsys-dvipdfmx.def"
File: pgfsys-dvipdfmx.def 2019/07/17 v3.1.4a (3.1.4a)

("C:\PengPeng\MiKTeX 2.9\tex/generic/pgf/systemlayer\pgfsys-common-pdf.def"
File: pgfsys-common-pdf.def 2019/07/17 v3.1.4a (3.1.4a)
)
\pgfsys@objnum=\count321
))) ("C:\PengPeng\MiKTeX 2.9\tex/generic/pgf/systemlayer\pgfsyssoftpath.code.te
x"
File: pgfsyssoftpath.code.tex 2019/07/17 v3.1.4a (3.1.4a)
\pgfsyssoftpath@smallbuffer@items=\count322
\pgfsyssoftpath@bigbuffer@items=\count323
) ("C:\PengPeng\MiKTeX 2.9\tex/generic/pgf/systemlayer\pgfsysprotocol.code.tex"
File: pgfsysprotocol.code.tex 2019/07/17 v3.1.4a (3.1.4a)
)) ("C:\PengPeng\MiKTeX 2.9\tex/latex/xcolor\xcolor.sty"
Package: xcolor 2016/05/11 v2.12 LaTeX color extensions (UK)

("C:\PengPeng\MiKTeX 2.9\tex/latex/graphics-cfg\color.cfg"
File: color.cfg 2016/01/02 v1.6 sample color configuration
)
Package xcolor Info: Driver file: xetex.def on input line 225.
Package xcolor Info: Model `cmy' substituted by `cmy0' on input line 1348.
Package xcolor Info: Model `RGB' extended on input line 1364.
Package xcolor Info: Model `HTML' substituted by `rgb' on input line 1366.
Package xcolor Info: Model `Hsb' substituted by `hsb' on input line 1367.
Package xcolor Info: Model `tHsb' substituted by `hsb' on input line 1368.
Package xcolor Info: Model `HSB' substituted by `hsb' on input line 1369.
Package xcolor Info: Model `Gray' substituted by `gray' on input line 1370.
Package xcolor Info: Model `wave' substituted by `hsb' on input line 1371.
)
("C:\PengPeng\MiKTeX 2.9\tex/generic/pgf/basiclayer\pgfcore.code.tex"
Package: pgfcore 2019/07/17 v3.1.4a (3.1.4a)

("C:\PengPeng\MiKTeX 2.9\tex/generic/pgf/math\pgfmath.code.tex"
("C:\PengPeng\MiKTeX 2.9\tex/generic/pgf/math\pgfmathcalc.code.tex"
("C:\PengPeng\MiKTeX 2.9\tex/generic/pgf/math\pgfmathutil.code.tex")
("C:\PengPeng\MiKTeX 2.9\tex/generic/pgf/math\pgfmathparser.code.tex"
\pgfmath@dimen=\dimen288
\pgfmath@count=\count324
\pgfmath@box=\box75
\pgfmath@toks=\toks34
\pgfmath@stack@operand=\toks35
\pgfmath@stack@operation=\toks36
)
("C:\PengPeng\MiKTeX 2.9\tex/generic/pgf/math\pgfmathfunctions.code.tex"
("C:\PengPeng\MiKTeX 2.9\tex/generic/pgf/math\pgfmathfunctions.basic.code.tex")

("C:\PengPeng\MiKTeX 2.9\tex/generic/pgf/math\pgfmathfunctions.trigonometric.co
de.tex")
("C:\PengPeng\MiKTeX 2.9\tex/generic/pgf/math\pgfmathfunctions.random.code.tex"
)
("C:\PengPeng\MiKTeX 2.9\tex/generic/pgf/math\pgfmathfunctions.comparison.code.
tex")
("C:\PengPeng\MiKTeX 2.9\tex/generic/pgf/math\pgfmathfunctions.base.code.tex")
("C:\PengPeng\MiKTeX 2.9\tex/generic/pgf/math\pgfmathfunctions.round.code.tex")
("C:\PengPeng\MiKTeX 2.9\tex/generic/pgf/math\pgfmathfunctions.misc.code.tex")
("C:\PengPeng\MiKTeX 2.9\tex/generic/pgf/math\pgfmathfunctions.integerarithmeti
cs.code.tex")))
("C:\PengPeng\MiKTeX 2.9\tex/generic/pgf/math\pgfmathfloat.code.tex"
\c@pgfmathroundto@lastzeros=\count325
))
("C:\PengPeng\MiKTeX 2.9\tex/generic/pgf/math\pgfint.code.tex")
("C:\PengPeng\MiKTeX 2.9\tex/generic/pgf/basiclayer\pgfcorepoints.code.tex"
File: pgfcorepoints.code.tex 2019/07/17 v3.1.4a (3.1.4a)
\pgf@picminx=\dimen289
\pgf@picmaxx=\dimen290
\pgf@picminy=\dimen291
\pgf@picmaxy=\dimen292
\pgf@pathminx=\dimen293
\pgf@pathmaxx=\dimen294
\pgf@pathminy=\dimen295
\pgf@pathmaxy=\dimen296
\pgf@xx=\dimen297
\pgf@xy=\dimen298
\pgf@yx=\dimen299
\pgf@yy=\dimen300
\pgf@zx=\dimen301
\pgf@zy=\dimen302
)
("C:\PengPeng\MiKTeX 2.9\tex/generic/pgf/basiclayer\pgfcorepathconstruct.code.t
ex"
File: pgfcorepathconstruct.code.tex 2019/07/17 v3.1.4a (3.1.4a)
\pgf@path@lastx=\dimen303
\pgf@path@lasty=\dimen304
)
("C:\PengPeng\MiKTeX 2.9\tex/generic/pgf/basiclayer\pgfcorepathusage.code.tex"
File: pgfcorepathusage.code.tex 2019/07/17 v3.1.4a (3.1.4a)
\pgf@shorten@end@additional=\dimen305
\pgf@shorten@start@additional=\dimen306
) ("C:\PengPeng\MiKTeX 2.9\tex/generic/pgf/basiclayer\pgfcorescopes.code.tex"
File: pgfcorescopes.code.tex 2019/07/17 v3.1.4a (3.1.4a)
\pgfpic=\box76
\pgf@hbox=\box77
\pgf@layerbox@main=\box78
\pgf@picture@serial@count=\count326
)
("C:\PengPeng\MiKTeX 2.9\tex/generic/pgf/basiclayer\pgfcoregraphicstate.code.te
x"
File: pgfcoregraphicstate.code.tex 2019/07/17 v3.1.4a (3.1.4a)
\pgflinewidth=\dimen307
)
("C:\PengPeng\MiKTeX 2.9\tex/generic/pgf/basiclayer\pgfcoretransformations.code
.tex"
File: pgfcoretransformations.code.tex 2019/07/17 v3.1.4a (3.1.4a)
\pgf@pt@x=\dimen308
\pgf@pt@y=\dimen309
\pgf@pt@temp=\dimen310
) ("C:\PengPeng\MiKTeX 2.9\tex/generic/pgf/basiclayer\pgfcorequick.code.tex"
File: pgfcorequick.code.tex 2019/07/17 v3.1.4a (3.1.4a)
) ("C:\PengPeng\MiKTeX 2.9\tex/generic/pgf/basiclayer\pgfcoreobjects.code.tex"
File: pgfcoreobjects.code.tex 2019/07/17 v3.1.4a (3.1.4a)
)
("C:\PengPeng\MiKTeX 2.9\tex/generic/pgf/basiclayer\pgfcorepathprocessing.code.
tex"
File: pgfcorepathprocessing.code.tex 2019/07/17 v3.1.4a (3.1.4a)
) ("C:\PengPeng\MiKTeX 2.9\tex/generic/pgf/basiclayer\pgfcorearrows.code.tex"
File: pgfcorearrows.code.tex 2019/07/17 v3.1.4a (3.1.4a)
\pgfarrowsep=\dimen311
) ("C:\PengPeng\MiKTeX 2.9\tex/generic/pgf/basiclayer\pgfcoreshade.code.tex"
File: pgfcoreshade.code.tex 2019/07/17 v3.1.4a (3.1.4a)
\pgf@max=\dimen312
\pgf@sys@shading@range@num=\count327
\pgf@shadingcount=\count328
) ("C:\PengPeng\MiKTeX 2.9\tex/generic/pgf/basiclayer\pgfcoreimage.code.tex"
File: pgfcoreimage.code.tex 2019/07/17 v3.1.4a (3.1.4a)

("C:\PengPeng\MiKTeX 2.9\tex/generic/pgf/basiclayer\pgfcoreexternal.code.tex"
File: pgfcoreexternal.code.tex 2019/07/17 v3.1.4a (3.1.4a)
\pgfexternal@startupbox=\box79
)) ("C:\PengPeng\MiKTeX 2.9\tex/generic/pgf/basiclayer\pgfcorelayers.code.tex"
File: pgfcorelayers.code.tex 2019/07/17 v3.1.4a (3.1.4a)
)
("C:\PengPeng\MiKTeX 2.9\tex/generic/pgf/basiclayer\pgfcoretransparency.code.te
x"
File: pgfcoretransparency.code.tex 2019/07/17 v3.1.4a (3.1.4a)
) ("C:\PengPeng\MiKTeX 2.9\tex/generic/pgf/basiclayer\pgfcorepatterns.code.tex"
File: pgfcorepatterns.code.tex 2019/07/17 v3.1.4a (3.1.4a)
) ("C:\PengPeng\MiKTeX 2.9\tex/generic/pgf/basiclayer\pgfcorerdf.code.tex"
File: pgfcorerdf.code.tex 2019/07/17 v3.1.4a (3.1.4a)
))) ("C:\PengPeng\MiKTeX 2.9\tex/generic/pgf/modules\pgfmoduleshapes.code.tex"
File: pgfmoduleshapes.code.tex 2019/07/17 v3.1.4a (3.1.4a)
\pgfnodeparttextbox=\box80
)
("C:\PengPeng\MiKTeX 2.9\tex/generic/pgf/modules\pgfmoduleplot.code.tex"
File: pgfmoduleplot.code.tex 2019/07/17 v3.1.4a (3.1.4a)
)
("C:\PengPeng\MiKTeX 2.9\tex/latex/pgf/compatibility\pgfcomp-version-0-65.sty"
Package: pgfcomp-version-0-65 2019/07/17 v3.1.4a (3.1.4a)
\pgf@nodesepstart=\dimen313
\pgf@nodesepend=\dimen314
) ("C:\PengPeng\MiKTeX 2.9\tex/latex/pgf/compatibility\pgfcomp-version-1-18.sty
"
Package: pgfcomp-version-1-18 2019/07/17 v3.1.4a (3.1.4a)
)) ("C:\PengPeng\MiKTeX 2.9\tex/latex/pgf/utilities\pgffor.sty"
("C:\PengPeng\MiKTeX 2.9\tex/latex/pgf/utilities\pgfkeys.sty"
("C:\PengPeng\MiKTeX 2.9\tex/generic/pgf/utilities\pgfkeys.code.tex"))
("C:\PengPeng\MiKTeX 2.9\tex/latex/pgf/math\pgfmath.sty"
("C:\PengPeng\MiKTeX 2.9\tex/generic/pgf/math\pgfmath.code.tex"))
("C:\PengPeng\MiKTeX 2.9\tex/generic/pgf/utilities\pgffor.code.tex"
Package: pgffor 2019/07/17 v3.1.4a (3.1.4a)

("C:\PengPeng\MiKTeX 2.9\tex/generic/pgf/math\pgfmath.code.tex")
\pgffor@iter=\dimen315
\pgffor@skip=\dimen316
\pgffor@stack=\toks37
\pgffor@toks=\toks38
))
("C:\PengPeng\MiKTeX 2.9\tex/generic/pgf/frontendlayer/tikz\tikz.code.tex"
Package: tikz 2019/07/17 v3.1.4a (3.1.4a)

("C:\PengPeng\MiKTeX 2.9\tex/generic/pgf/libraries\pgflibraryplothandlers.code.
tex"
File: pgflibraryplothandlers.code.tex 2019/07/17 v3.1.4a (3.1.4a)
\pgf@plot@mark@count=\count329
\pgfplotmarksize=\dimen317
)
\tikz@lastx=\dimen318
\tikz@lasty=\dimen319
\tikz@lastxsaved=\dimen320
\tikz@lastysaved=\dimen321
\tikz@lastmovetox=\dimen322
\tikz@lastmovetoy=\dimen323
\tikzleveldistance=\dimen324
\tikzsiblingdistance=\dimen325
\tikz@figbox=\box81
\tikz@figbox@bg=\box82
\tikz@tempbox=\box83
\tikz@tempbox@bg=\box84
\tikztreelevel=\count330
\tikznumberofchildren=\count331
\tikznumberofcurrentchild=\count332
\tikz@fig@count=\count333
 ("C:\PengPeng\MiKTeX 2.9\tex/generic/pgf/modules\pgfmodulematrix.code.tex"
File: pgfmodulematrix.code.tex 2019/07/17 v3.1.4a (3.1.4a)
\pgfmatrixcurrentrow=\count334
\pgfmatrixcurrentcolumn=\count335
\pgf@matrix@numberofcolumns=\count336
)
\tikz@expandcount=\count337

("C:\PengPeng\MiKTeX 2.9\tex/generic/pgf/frontendlayer/tikz/libraries\tikzlibra
rytopaths.code.tex"
File: tikzlibrarytopaths.code.tex 2019/07/17 v3.1.4a (3.1.4a)
)))
("C:\PengPeng\MiKTeX 2.9\tex/generic/pgfplots\pgfplots.code.tex"
("C:\PengPeng\MiKTeX 2.9\tex/generic/pgfplots\pgfplotscore.code.tex"
\t@pgfplots@toka=\toks39
\t@pgfplots@tokb=\toks40
\t@pgfplots@tokc=\toks41
\pgfplots@tmpa=\dimen326
\c@pgfplots@coordindex=\count338
\c@pgfplots@scanlineindex=\count339

("C:\PengPeng\MiKTeX 2.9\tex/generic/pgfplots/sys\pgfplotssysgeneric.code.tex")
) ("C:\PengPeng\MiKTeX 2.9\tex/generic/pgfplots/libs\pgfplotslibrary.code.tex")

("C:\PengPeng\MiKTeX 2.9\tex/generic/pgfplots/oldpgfcompatib\pgfplotsoldpgfsupp
_loader.code.tex"
("C:\PengPeng\MiKTeX 2.9\tex/generic/pgf/libraries\pgflibraryfpu.code.tex"))
("C:\PengPeng\MiKTeX 2.9\tex/generic/pgfplots/util\pgfplotsutil.code.tex"
("C:\PengPeng\MiKTeX 2.9\tex/generic/pgfplots/liststructure\pgfplotsliststructu
re.code.tex")
("C:\PengPeng\MiKTeX 2.9\tex/generic/pgfplots/liststructure\pgfplotsliststructu
reext.code.tex")
("C:\PengPeng\MiKTeX 2.9\tex/generic/pgfplots/liststructure\pgfplotsarray.code.
tex"
\c@pgfplotsarray@tmp=\count340
)
("C:\PengPeng\MiKTeX 2.9\tex/generic/pgfplots/liststructure\pgfplotsmatrix.code
.tex")
("C:\PengPeng\MiKTeX 2.9\tex/generic/pgfplots/numtable\pgfplotstableshared.code
.tex"
\c@pgfplotstable@counta=\count341
\t@pgfplotstable@a=\toks42
)
("C:\PengPeng\MiKTeX 2.9\tex/generic/pgfplots/liststructure\pgfplotsdeque.code.
tex") ("C:\PengPeng\MiKTeX 2.9\tex/generic/pgfplots/util\pgfplotsbinary.code.te
x"
("C:\PengPeng\MiKTeX 2.9\tex/generic/pgfplots/util\pgfplotsbinary.data.code.tex
"))
("C:\PengPeng\MiKTeX 2.9\tex/generic/pgfplots/util\pgfplotsutil.verb.code.tex")

("C:\PengPeng\MiKTeX 2.9\tex/generic/pgfplots/libs\pgflibrarypgfplots.surfshadi
ng.code.tex"
\c@pgfplotslibrarysurf@no=\count342

("C:\PengPeng\MiKTeX 2.9\tex/generic/pgfplots/sys\pgflibrarypgfplots.surfshadin
g.pgfsys-xetex.def"
("C:\PengPeng\MiKTeX 2.9\tex/generic/pgfplots/sys\pgflibrarypgfplots.surfshadin
g.pgfsys-dvipdfmx.def"
\c@pgfplotslibrarysurf@streamlen=\count343
))))
("C:\PengPeng\MiKTeX 2.9\tex/generic/pgfplots/util\pgfplotscolormap.code.tex"
("C:\PengPeng\MiKTeX 2.9\tex/generic/pgfplots/util\pgfplotscolor.code.tex"))
("C:\PengPeng\MiKTeX 2.9\tex/generic/pgfplots\pgfplotsstackedplots.code.tex")
("C:\PengPeng\MiKTeX 2.9\tex/generic/pgfplots\pgfplotsplothandlers.code.tex"
("C:\PengPeng\MiKTeX 2.9\tex/generic/pgfplots\pgfplotsmeshplothandler.code.tex"
("C:\PengPeng\MiKTeX 2.9\tex/generic/pgfplots\pgfplotsmeshplotimage.code.tex"))
) ("C:\PengPeng\MiKTeX 2.9\tex/generic/pgfplots\pgfplots.scaling.code.tex")
("C:\PengPeng\MiKTeX 2.9\tex/generic/pgfplots\pgfplotscoordprocessing.code.tex"
) ("C:\PengPeng\MiKTeX 2.9\tex/generic/pgfplots\pgfplots.errorbars.code.tex")
("C:\PengPeng\MiKTeX 2.9\tex/generic/pgfplots\pgfplots.markers.code.tex")
("C:\PengPeng\MiKTeX 2.9\tex/generic/pgfplots\pgfplotsticks.code.tex")
("C:\PengPeng\MiKTeX 2.9\tex/generic/pgfplots\pgfplots.paths.code.tex")
("C:\PengPeng\MiKTeX 2.9\tex/generic/pgf/frontendlayer/tikz/libraries\tikzlibra
rydecorations.code.tex"
("C:\PengPeng\MiKTeX 2.9\tex/generic/pgf/modules\pgfmoduledecorations.code.tex"
\pgfdecoratedcompleteddistance=\dimen327
\pgfdecoratedremainingdistance=\dimen328
\pgfdecoratedinputsegmentcompleteddistance=\dimen329
\pgfdecoratedinputsegmentremainingdistance=\dimen330
\pgf@decorate@distancetomove=\dimen331
\pgf@decorate@repeatstate=\count344
\pgfdecorationsegmentamplitude=\dimen332
\pgfdecorationsegmentlength=\dimen333
)
\tikz@lib@dec@box=\box85
)
("C:\PengPeng\MiKTeX 2.9\tex/generic/pgf/frontendlayer/tikz/libraries\tikzlibra
rydecorations.pathmorphing.code.tex"
("C:\PengPeng\MiKTeX 2.9\tex/generic/pgf/libraries/decorations\pgflibrarydecora
tions.pathmorphing.code.tex"))
("C:\PengPeng\MiKTeX 2.9\tex/generic/pgf/frontendlayer/tikz/libraries\tikzlibra
rydecorations.pathreplacing.code.tex"
("C:\PengPeng\MiKTeX 2.9\tex/generic/pgf/libraries/decorations\pgflibrarydecora
tions.pathreplacing.code.tex"))
\pgfplots@numplots=\count345
\pgfplots@xmin@reg=\dimen334
\pgfplots@xmax@reg=\dimen335
\pgfplots@ymin@reg=\dimen336
\pgfplots@ymax@reg=\dimen337
\pgfplots@zmin@reg=\dimen338
\pgfplots@zmax@reg=\dimen339
)
("C:\PengPeng\MiKTeX 2.9\tex/generic/pgf/frontendlayer/tikz/libraries\tikzlibra
ryplotmarks.code.tex"
File: tikzlibraryplotmarks.code.tex 2019/07/17 v3.1.4a (3.1.4a)

("C:\PengPeng\MiKTeX 2.9\tex/generic/pgf/libraries\pgflibraryplotmarks.code.tex
"
File: pgflibraryplotmarks.code.tex 2019/07/17 v3.1.4a (3.1.4a)
))) ("C:\PengPeng\MiKTeX 2.9\tex/latex/filecontents\filecontents.sty"
Package: filecontents 2018/05/30 v1.4 Create an external file from within a LaT
eX document
)
("C:\PengPeng\MiKTeX 2.9\tex/latex/biblatex\biblatex.sty"
Package: biblatex 2018/11/02 v3.12 programmable bibliographies (PK/MW)

("C:\PengPeng\MiKTeX 2.9\tex/generic/oberdiek\pdftexcmds.sty"
Package: pdftexcmds 2019/07/25 v0.30 Utility functions of pdfTeX for LuaTeX (HO
)

("C:\PengPeng\MiKTeX 2.9\tex/generic/oberdiek\infwarerr.sty"
Package: infwarerr 2016/05/16 v1.4 Providing info/warning/error messages (HO)
)
("C:\PengPeng\MiKTeX 2.9\tex/generic/oberdiek\ifluatex.sty"
Package: ifluatex 2016/05/16 v1.4 Provides the ifluatex switch (HO)
Package ifluatex Info: LuaTeX not detected.
)
("C:\PengPeng\MiKTeX 2.9\tex/generic/oberdiek\ltxcmds.sty"
Package: ltxcmds 2016/05/16 v1.23 LaTeX kernel commands for general use (HO)
)
("C:\PengPeng\MiKTeX 2.9\tex/generic/oberdiek\ifpdf.sty"
Package: ifpdf 2018/09/07 v3.3 Provides the ifpdf switch
)
Package pdftexcmds Info: LuaTeX not detected.
Package pdftexcmds Info: pdfTeX >= 1.30 not detected.
Package pdftexcmds Info: \pdf@primitive is available.
Package pdftexcmds Info: \pdf@ifprimitive is available.
Package pdftexcmds Info: \pdfdraftmode not found.
)
("C:\PengPeng\MiKTeX 2.9\tex/latex/etoolbox\etoolbox.sty"
Package: etoolbox 2018/08/19 v2.5f e-TeX tools for LaTeX (JAW)
\etb@tempcnta=\count346
)
("C:\PengPeng\MiKTeX 2.9\tex/latex/oberdiek\kvoptions.sty"
Package: kvoptions 2016/05/16 v3.12 Key value format for package options (HO)

("C:\PengPeng\MiKTeX 2.9\tex/generic/oberdiek\kvsetkeys.sty"
Package: kvsetkeys 2016/05/16 v1.17 Key value parser (HO)

("C:\PengPeng\MiKTeX 2.9\tex/generic/oberdiek\etexcmds.sty"
Package: etexcmds 2016/05/16 v1.6 Avoid name clashes with e-TeX commands (HO)
)))
("C:\PengPeng\MiKTeX 2.9\tex/latex/logreq\logreq.sty"
Package: logreq 2010/08/04 v1.0 xml request logger
\lrq@indent=\count347

("C:\PengPeng\MiKTeX 2.9\tex/latex/logreq\logreq.def"
File: logreq.def 2010/08/04 v1.0 logreq spec v1.0
))
("C:\PengPeng\MiKTeX 2.9\tex/latex/url\url.sty"
\Urlmuskip=\muskip18
Package: url 2013/09/16  ver 3.4  Verb mode for urls, etc.
)
\c@tabx@nest=\count348
\c@listtotal=\count349
\c@listcount=\count350
\c@liststart=\count351
\c@liststop=\count352
\c@citecount=\count353
\c@citetotal=\count354
\c@multicitecount=\count355
\c@multicitetotal=\count356
\c@instcount=\count357
\c@maxnames=\count358
\c@minnames=\count359
\c@maxitems=\count360
\c@minitems=\count361
\c@citecounter=\count362
\c@maxcitecounter=\count363
\c@savedcitecounter=\count364
\c@uniquelist=\count365
\c@uniquename=\count366
\c@refsection=\count367
\c@refsegment=\count368
\c@maxextratitle=\count369
\c@maxextratitleyear=\count370
\c@maxextraname=\count371
\c@maxextradate=\count372
\c@maxextraalpha=\count373
\c@abbrvpenalty=\count374
\c@highnamepenalty=\count375
\c@lownamepenalty=\count376
\c@maxparens=\count377
\c@parenlevel=\count378
\blx@tempcnta=\count379
\blx@tempcntb=\count380
\blx@tempcntc=\count381
\blx@maxsection=\count382
\blx@maxsegment@0=\count383
\blx@notetype=\count384
\blx@parenlevel@text=\count385
\blx@parenlevel@foot=\count386
\blx@sectionciteorder@0=\count387
\blx@entrysetcounter=\count388
\labelnumberwidth=\skip109
\labelalphawidth=\skip110
\biblabelsep=\skip111
\bibitemsep=\skip112
\bibnamesep=\skip113
\bibinitsep=\skip114
\bibparsep=\skip115
\bibhang=\skip116
\blx@bcfin=\read3
\blx@bcfout=\write4
\c@mincomprange=\count389
\c@maxcomprange=\count390
\c@mincompwidth=\count391
Package biblatex Info: Trying to load biblatex default data model...
Package biblatex Info: ... file 'blx-dm.def' found.

("C:\PengPeng\MiKTeX 2.9\tex/latex/biblatex\blx-dm.def"
File: blx-dm.def 2018/11/02 v3.12 biblatex localization (PK/MW)
)
Package biblatex Info: Trying to load biblatex style data model...
Package biblatex Info: ... file 'numeric.dbx' not found.
Package biblatex Info: Trying to load biblatex custom data model...
Package biblatex Info: ... file 'biblatex-dm.cfg' not found.
\c@afterword=\count392
\c@savedafterword=\count393
\c@annotator=\count394
\c@savedannotator=\count395
\c@author=\count396
\c@savedauthor=\count397
\c@bookauthor=\count398
\c@savedbookauthor=\count399
\c@commentator=\count400
\c@savedcommentator=\count401
\c@editor=\count402
\c@savededitor=\count403
\c@editora=\count404
\c@savededitora=\count405
\c@editorb=\count406
\c@savededitorb=\count407
\c@editorc=\count408
\c@savededitorc=\count409
\c@foreword=\count410
\c@savedforeword=\count411
\c@holder=\count412
\c@savedholder=\count413
\c@introduction=\count414
\c@savedintroduction=\count415
\c@namea=\count416
\c@savednamea=\count417
\c@nameb=\count418
\c@savednameb=\count419
\c@namec=\count420
\c@savednamec=\count421
\c@translator=\count422
\c@savedtranslator=\count423
\c@shortauthor=\count424
\c@savedshortauthor=\count425
\c@shorteditor=\count426
\c@savedshorteditor=\count427
\c@labelname=\count428
\c@savedlabelname=\count429
\c@institution=\count430
\c@savedinstitution=\count431
\c@lista=\count432
\c@savedlista=\count433
\c@listb=\count434
\c@savedlistb=\count435
\c@listc=\count436
\c@savedlistc=\count437
\c@listd=\count438
\c@savedlistd=\count439
\c@liste=\count440
\c@savedliste=\count441
\c@listf=\count442
\c@savedlistf=\count443
\c@location=\count444
\c@savedlocation=\count445
\c@organization=\count446
\c@savedorganization=\count447
\c@origlocation=\count448
\c@savedoriglocation=\count449
\c@origpublisher=\count450
\c@savedorigpublisher=\count451
\c@publisher=\count452
\c@savedpublisher=\count453
\c@language=\count454
\c@savedlanguage=\count455
\c@origlanguage=\count456
\c@savedoriglanguage=\count457
\c@pageref=\count458
\c@savedpageref=\count459
\shorthandwidth=\skip117
\shortjournalwidth=\skip118
\shortserieswidth=\skip119
\shorttitlewidth=\skip120
\shortauthorwidth=\skip121
\shorteditorwidth=\skip122
\locallabelnumberwidth=\skip123
\locallabelalphawidth=\skip124
\localshorthandwidth=\skip125
\localshortjournalwidth=\skip126
\localshortserieswidth=\skip127
\localshorttitlewidth=\skip128
\localshortauthorwidth=\skip129
\localshorteditorwidth=\skip130
Package biblatex Info: Trying to load enhanced support for Unicode engines...
Package biblatex Info: ... file 'blx-unicode.def' found.

("C:\PengPeng\MiKTeX 2.9\tex/latex/biblatex\blx-unicode.def")
Package biblatex Info: Trying to load compatibility code...
Package biblatex Info: ... file 'blx-compat.def' found.

("C:\PengPeng\MiKTeX 2.9\tex/latex/biblatex\blx-compat.def"
File: blx-compat.def 2018/11/02 v3.12 biblatex compatibility (PK/MW)
)
Package biblatex Info: Trying to load BibTeX backend compatibility...
Package biblatex Info: ... file 'blx-bibtex.def' found.

("C:\PengPeng\MiKTeX 2.9\tex/latex/biblatex\blx-bibtex.def"
File: blx-bibtex.def 2018/11/02 v3.12 biblatex compatibility (PK/MW)


Package biblatex Warning: Using fall-back BibTeX(8) backend:
(biblatex)                functionality may be reduced/unavailable.

)
Package biblatex Info: Trying to load generic definitions...
Package biblatex Info: ... file 'biblatex.def' found.
 ("C:\PengPeng\MiKTeX 2.9\tex/latex/biblatex\biblatex.def"
File: biblatex.def 2018/11/02 v3.12 biblatex compatibility (PK/MW)
\c@textcitecount=\count460
\c@textcitetotal=\count461
\c@textcitemaxnames=\count462
\c@biburlnumpenalty=\count463
\c@biburlucpenalty=\count464
\c@biburllcpenalty=\count465
\c@smartand=\count466
)
Package biblatex Info: Trying to load bibliography style 'numeric'...
Package biblatex Info: ... file 'numeric.bbx' found.

("C:\PengPeng\MiKTeX 2.9\tex/latex/biblatex/bbx\numeric.bbx"
File: numeric.bbx 2018/11/02 v3.12 biblatex bibliography style (PK/MW)
Package biblatex Info: Trying to load bibliography style 'standard'...
Package biblatex Info: ... file 'standard.bbx' found.

("C:\PengPeng\MiKTeX 2.9\tex/latex/biblatex/bbx\standard.bbx"
File: standard.bbx 2018/11/02 v3.12 biblatex bibliography style (PK/MW)
\c@bbx:relatedcount=\count467
\c@bbx:relatedtotal=\count468
))
Package biblatex Info: Trying to load citation style 'numeric'...
Package biblatex Info: ... file 'numeric.cbx' found.

("C:\PengPeng\MiKTeX 2.9\tex/latex/biblatex/cbx\numeric.cbx"
File: numeric.cbx 2018/11/02 v3.12 biblatex citation style (PK/MW)
Package biblatex Info: Redefining '\cite'.
Package biblatex Info: Redefining '\parencite'.
Package biblatex Info: Redefining '\footcite'.
Package biblatex Info: Redefining '\footcitetext'.
Package biblatex Info: Redefining '\smartcite'.
Package biblatex Info: Redefining '\supercite'.
Package biblatex Info: Redefining '\textcite'.
Package biblatex Info: Redefining '\textcites'.
Package biblatex Info: Redefining '\cites'.
Package biblatex Info: Redefining '\parencites'.
Package biblatex Info: Redefining '\smartcites'.
)
Package biblatex Info: Trying to load configuration file...
Package biblatex Info: ... file 'biblatex.cfg' found.

("C:\PengPeng\MiKTeX 2.9\tex/latex/biblatex\biblatex.cfg"
File: biblatex.cfg 
))
\c@definition=\count469
\c@axiom=\count470
\c@proof=\count471
\c@example=\count472
Package biblatex Info: Trying to load language 'english'...
Package biblatex Info: ... file 'english.lbx' found.

("C:\PengPeng\MiKTeX 2.9\tex/latex/biblatex/lbx\english.lbx"
File: english.lbx 2018/11/02 v3.12 biblatex localization (PK/MW)
)
\@quotelevel=\count473
\@quotereset=\count474

("C:\PengPeng\MiKTeX 2.9\tex/xelatex/xecjk\xeCJK-listings.sty"
Package: xeCJK-listings 2019/06/02 v3.7.4 xeCJK patch file for listings
\l__xeCJK_listings_max_char_int=\count475
\l__xeCJK_listings_flag_int=\count476
) (main.aux

LaTeX Warning: Label `1' multiply defined.


LaTeX Warning: Label `1' multiply defined.


LaTeX Warning: Label `fig:selection' multiply defined.


LaTeX Warning: Label `sec:GraphSystem' multiply defined.

)
\openout1 = `main.aux'.

LaTeX Font Info:    Checking defaults for OML/txmi/m/it on input line 42.
LaTeX Font Info:    Try loading font information for OML+txmi on input line 42.

 ("C:\PengPeng\MiKTeX 2.9\tex/latex/txfonts\omltxmi.fd"
File: omltxmi.fd 2000/12/15 v3.1
)
LaTeX Font Info:    ... okay on input line 42.
LaTeX Font Info:    Checking defaults for T1/cmr/m/n on input line 42.
LaTeX Font Info:    ... okay on input line 42.
LaTeX Font Info:    Checking defaults for OT1/cmr/m/n on input line 42.
LaTeX Font Info:    ... okay on input line 42.
LaTeX Font Info:    Checking defaults for OMS/txsy/m/n on input line 42.
LaTeX Font Info:    Try loading font information for OMS+txsy on input line 42.


("C:\PengPeng\MiKTeX 2.9\tex/latex/txfonts\omstxsy.fd"
File: omstxsy.fd 2000/12/15 v3.1
)
LaTeX Font Info:    ... okay on input line 42.
LaTeX Font Info:    Checking defaults for TU/lmr/m/n on input line 42.
LaTeX Font Info:    ... okay on input line 42.
LaTeX Font Info:    Checking defaults for OMX/txex/m/n on input line 42.
LaTeX Font Info:    Try loading font information for OMX+txex on input line 42.


("C:\PengPeng\MiKTeX 2.9\tex/latex/txfonts\omxtxex.fd"
File: omxtxex.fd 2000/12/15 v3.1
)
LaTeX Font Info:    ... okay on input line 42.
LaTeX Font Info:    Checking defaults for U/txexa/m/n on input line 42.
LaTeX Font Info:    Try loading font information for U+txexa on input line 42.

("C:\PengPeng\MiKTeX 2.9\tex/latex/txfonts\utxexa.fd"
File: utxexa.fd 2000/12/15 v3.1
)
LaTeX Font Info:    ... okay on input line 42.
LaTeX Font Info:    Checking defaults for TS1/cmr/m/n on input line 42.
LaTeX Font Info:    ... okay on input line 42.
LaTeX Font Info:    Try loading font information for T1+ptm on input line 42.

("C:\PengPeng\MiKTeX 2.9\tex/latex/psnfss\t1ptm.fd"
File: t1ptm.fd 2001/06/04 font definitions for T1/ptm.
)
ABD: EverySelectfont initializing macros
LaTeX Info: Redefining \selectfont on input line 42.
Package caption Info: Begin \AtBeginDocument code.
Package caption Info: End \AtBeginDocument code.
\c@lstlisting=\count477
 ABD: EveryShipout initializing macros

Package pgfplots Warning: running in backwards compatibility mode (unsuitable t
ick labels; missing features). Consider writing \pgfplotsset{compat=1.16} into 
your preamble.
 on input line 42.

Package biblatex Info: XeTeX detected.
(biblatex)             Assuming input encoding 'utf8'.
Package biblatex Info: Automatic encoding selection.
(biblatex)             Assuming data encoding 'utf8'.
Package biblatex Info: Input encoding 'utf8' specified.
Package biblatex Info: Data encoding 'utf8' specified.
(biblatex)             No need to reencode data.
\openout4 = `main-blx.bib'.

Package biblatex Info: Trying to load bibliographic data...
Package biblatex Info: ... file 'main.bbl' found.
(main.bbl)
Package biblatex Info: Reference section=0 on input line 42.
Package biblatex Info: Reference segment=0 on input line 42.
LaTeX Font Info:    Try loading font information for OT1+txr on input line 50.
 ("C:\PengPeng\MiKTeX 2.9\tex/latex/txfonts\ot1txr.fd"
File: ot1txr.fd 2000/12/15 v3.1
)
LaTeX Font Info:    Try loading font information for U+txmia on input line 50.

("C:\PengPeng\MiKTeX 2.9\tex/latex/txfonts\utxmia.fd"
File: utxmia.fd 2000/12/15 v3.1
)
LaTeX Font Info:    Try loading font information for U+msa on input line 50.

("C:\PengPeng\MiKTeX 2.9\tex/latex/amsfonts\umsa.fd"
File: umsa.fd 2013/01/14 v3.01 AMS symbols A
)
LaTeX Font Info:    Try loading font information for U+msb on input line 50.

("C:\PengPeng\MiKTeX 2.9\tex/latex/amsfonts\umsb.fd"
File: umsb.fd 2013/01/14 v3.01 AMS symbols B
)
LaTeX Font Info:    Try loading font information for U+txsyc on input line 50.

("C:\PengPeng\MiKTeX 2.9\tex/latex/txfonts\utxsyc.fd"
File: utxsyc.fd 2000/12/15 v3.1
) [1


] [2

]
LaTeX Font Info:    Font shape `T1/ptm/bx/n' in size <26.09749> not available
(Font)              Font shape `T1/ptm/b/n' tried instead on input line 54.
 (main.toc
LaTeX Font Info:    Font shape `T1/ptm/bx/n' in size <12.045> not available
(Font)              Font shape `T1/ptm/b/n' tried instead on input line 3.
LaTeX Font Info:    Font shape `T1/ptm/bx/n' in size <10.53937> not available
(Font)              Font shape `T1/ptm/b/n' tried instead on input line 5.

[3])
\tf@toc=\write5
\openout5 = `main.toc'.

LaTeX Font Info:    Font shape `TU/SimSun(0)/m/sl' in size <10.53937> not avail
able
(Font)              Font shape `TU/SimSun(0)/m/it' tried instead on input line 
56.
 [4]
LaTeX Font Info:    Font shape `T1/ptm/bx/n' in size <22.08249> not available
(Font)              Font shape `T1/ptm/b/n' tried instead on input line 58.
 [5

] [6] (body/part1/total-background.tex
Chapter 1.
LaTeX Font Info:    Font shape `T1/ptm/bx/n' in size <15.05624> not available
(Font)              Font shape `T1/ptm/b/n' tried instead on input line 2.
File: ./figures/part1/baidu.png Graphic file (type bmp)
<./figures/part1/baidu.png>
LaTeX Font Info:    Font shape `T1/ptm/bx/it' in size <10.53937> not available
(Font)              Font shape `T1/ptm/b/it' tried instead on input line 22.

LaTeX Font Warning: Font shape `TU/SimSun(0)/bx/it' undefined
(Font)              using `TU/SimSun(0)/bx/n' instead on input line 22.

[7

]
File: ./figures/part1/baidufatherinlaw.png Graphic file (type bmp)
<./figures/part1/baidufatherinlaw.png>
 [8] [9] [10] [11] [12]
Underfull \vbox (badness 1231) has occurred while \output is active []

 [13]
Underfull \vbox (badness 10000) has occurred while \output is active []

 [14]
File: ./figures/part1/resource.pdf Graphic file (type pdf)
<use ./figures/part1/resource.pdf>

[15]
File: ./figures/part1/triples.pdf Graphic file (type pdf)
<use ./figures/part1/triples.pdf>
File: ./figures/part1/data_graph.pdf Graphic file (type pdf)
<use ./figures/part1/data_graph.pdf>
 [16]
File: ./figures/part1/query_graph.pdf Graphic file (type pdf)
<use ./figures/part1/query_graph.pdf>
 [17]
LaTeX Font Info:    Try loading font information for OMS+ptm on input line 221.

 ("C:\PengPeng\MiKTeX 2.9\tex/latex/psnfss\omsptm.fd"
File: omsptm.fd 
)
LaTeX Font Info:    Font shape `OMS/ptm/m/n' in size <10.53937> not available
(Font)              Font shape `OMS/cmsy/m/n' tried instead on input line 221.
 [18])
(body/part1/datasets.tex [19] [20

]
Chapter 2.
File: ./figures/part1/KnigsbergBridge.jpg Graphic file (type bmp)
<./figures/part1/KnigsbergBridge.jpg>
[21] [22]
File: ./figures/part1/undirected_graph.pdf Graphic file (type pdf)
<use ./figures/part1/undirected_graph.pdf>
File: ./figures/part1/directed_graph.pdf Graphic file (type pdf)
<use ./figures/part1/directed_graph.pdf>
File: ./figures/part1/adjacent_list.pdf Graphic file (type pdf)
<use ./figures/part1/adjacent_list.pdf>
File: ./figures/part1/adjacent_matrix.pdf Graphic file (type pdf)
<use ./figures/part1/adjacent_matrix.pdf>


LaTeX Warning: `h' float specifier changed to `ht'.

[23] [24]
LaTeX Font Info:    Font shape `T1/ptm/bx/n' in size <9.03374> not available
(Font)              Font shape `T1/ptm/b/n' tried instead on input line 124.
LaTeX Font Info:    Font shape `T1/ptm/bx/n' in size <6.52437> not available
(Font)              Font shape `T1/ptm/b/n' tried instead on input line 126.
 [25] [26]) (body/part1/rdf-background.tex [27] [28

]
Chapter 3.

Underfull \hbox (badness 10000) in paragraph at lines 3--25

 []

[29]
File: ./figures/part1/2.png Graphic file (type bmp)
<./figures/part1/2.png>

Underfull \vbox (badness 10000) has occurred while \output is active []

 [30]
Underfull \hbox (badness 10000) in paragraph at lines 31--33

 []

File: ./figures/part1/3.png Graphic file (type bmp)
<./figures/part1/3.png>

Underfull \hbox (badness 10000) in paragraph at lines 51--53

 []

[31]
Overfull \hbox (7.15044pt too wide) in paragraph at lines 63--64
[]\TU/SimSun(0)/m/n/10.53937            \T1/ptm/m/n/10.53937 IRI \TU
/SimSun(0)/m/n/10.53937  \T1/ptm/m/n/10.53937 http://www.w3.org/1992/02/22-rdf
-syntax-
 []

[32]
Underfull \hbox (badness 10000) in paragraph at lines 65--68

 []


Underfull \hbox (badness 10000) in paragraph at lines 81--86

 []

[33]
File: ./figures/part1/4.png Graphic file (type bmp)
<./figures/part1/4.png>

Underfull \hbox (badness 10000) in paragraph at lines 106--118

 []

[34]
File: ./figures/part1/lod-cloud.pdf Graphic file (type pdf)
<use ./figures/part1/lod-cloud.pdf>

Underfull \vbox (badness 5147) has occurred while \output is active []

 [35]
[36]) (body/part1/sparql-background.tex [37] [38

]
Chapter 4.

Overfull \hbox (10.11337pt too wide) in paragraph at lines 10--11
[]\TU/SimSun(0)/m/n/10.53937           \T1/ptm/m/n/10.53937 HTTP \TU/
SimSun(0)/m/n/10.53937        \T1/ptm/m/n/10.53937 SPARQL \TU/SimSun(0)/
m/n/10.53937     |\T1/ptm/m/n/10.53937 SPARQL
 []

[39]

LaTeX Warning: Reference `table:QueryParts' on page 40 undefined on input line 
41.


Overfull \hbox (260.40923pt too wide) in paragraph at lines 46--62
 [][] 
 []

[40]) [41] [42

] [43] [44] [45

] [46] (body/part2/rdf-management.tex
Chapter 5.
) (body/part2/relation-system.tex [47

] [48

]
Chapter 6.
File: ./figures/part2/rdf3x-index.pdf Graphic file (type pdf)
<use ./figures/part2/rdf3x-index.pdf>
File: ./figures/part2/selection.pdf Graphic file (type pdf)
<use ./figures/part2/selection.pdf>

LaTeX Warning: `h' float specifier changed to `ht'.

File: ./figures/part2/projection.pdf Graphic file (type pdf)
<use ./figures/part2/projection.pdf>

LaTeX Warning: `h' float specifier changed to `ht'.

File: ./figures/part2/join.pdf Graphic file (type pdf)
<use ./figures/part2/join.pdf>

LaTeX Warning: `h' float specifier changed to `ht'.

) (body/part2/graph-system.tex [49] [50] [51] [52

]
Chapter 7.
) [53] [54

] [55] [56] (body/part3/gStore.tex
Chapter 8.
) (body/part3/finance.tex [57

] [58

]
Chapter 9.
) (body/part3/medicine.tex [59] [60

]
Chapter 10.
) (body/part3/robot.tex [61] [62

]
Chapter 11.
) [63] [64

]

Package fontspec Info: Could not resolve font "FangSong/BI" (it probably
(fontspec)             doesn't exist).


Package fontspec Info: Could not resolve font "FangSong/B" (it probably
(fontspec)             doesn't exist).


Package fontspec Info: Could not resolve font "FangSong/I" (it probably
(fontspec)             doesn't exist).

LaTeX Font Info:    Try loading font information for T1+pcr on input line 90.
 ("C:\PengPeng\MiKTeX 2.9\tex/latex/psnfss\t1pcr.fd"
File: t1pcr.fd 2001/06/04 font definitions for T1/pcr.
)

Package fontspec Info: Font family 'FangSong(0)' created for font 'FangSong'
(fontspec)             with options [Script={CJK}].
(fontspec)              
(fontspec)              This font family consists of the following NFSS
(fontspec)             series/shapes:
(fontspec)              
(fontspec)             - 'normal' (m/n) with NFSS spec.:
(fontspec)             <->"FangSong/OT:script=hani;language=DFLT;"
(fontspec)             - 'small caps'  (m/sc) with NFSS spec.: 

 [65] [66]
(main.aux)

LaTeX Font Warning: Some font shapes were not available, defaults substituted.


LaTeX Warning: There were undefined references.


LaTeX Warning: There were multiply-defined labels.

Package logreq Info: Writing requests to 'main.run.xml'.
\openout1 = `main.run.xml'.

 ) 
Here is how much of TeX's memory you used:
 49258 strings out of 427669
 1158350 string characters out of 3150231
 1498709 words of memory out of 3000000
 52607 multiletter control sequences out of 15000+200000
 601684 words of font info for 156 fonts, out of 3000000 for 9000
 1348 hyphenation exceptions out of 8191
 62i,18n,96p,1131b,4812s stack positions out of 5000i,500n,10000p,200000b,50000s

Output written on main.pdf (66 pages).
